#
# A fatal error has been detected by the Java Runtime Environment:
#
#  EXCEPTION_ACCESS_VIOLATION (0xc0000005) at pc=0x6e8654bb, pid=1380, tid=192
#
# JRE version: Java(TM) SE Runtime Environment (7.0_76-b13) (build 1.7.0_76-b13)
# Java VM: Java HotSpot(TM) Client VM (24.76-b04 mixed mode, sharing windows-x86 )
# Problematic frame:
# V  [jvm.dll+0xc54bb]
#
# Failed to write core dump. Minidumps are not enabled by default on client versions of Windows
#
# If you would like to submit a bug report, please visit:
#   http://bugreport.java.com/bugreport/crash.jsp
#

---------------  T H R E A D  ---------------

Current thread (0x003c9800):  JavaThread "main" [_thread_in_vm, id=192, stack(0x008c0000,0x00910000)]

siginfo: ExceptionCode=0xc0000005, reading address 0x00000000

Registers:
EAX=0x00000000, EBX=0x00000075, ECX=0x00000000, EDX=0x00000003
ESP=0x0090e0b4, EBP=0x0090e0d0, ESI=0x003c9930, EDI=0x003c9800
EIP=0x6e8654bb, EFLAGS=0x00010246

Top of Stack: (sp=0x0090e0b4)
0x0090e0b4:   10209aa4 00000000 00000075 003c9800
0x0090e0c4:   00000000 0090e190 00000075 0090e128
0x0090e0d4:   10022cf2 003c9930 00000000 6e696f70
0x0090e0e4:   00726574 0090e128 10022cc1 00000007
0x0090e0f4:   0000000f ffff004a 0090e128 10022c9d
0x0090e104:   003c9930 00000001 0000000f 003c9800
0x0090e114:   32c37800 32c37800 0090e178 00000033
0x0090e124:   003c9800 0090e178 0093aa9d 003c9930 

Instructions: (pc=0x6e8654bb)
0x6e86549b:   f3 ff 83 c4 08 83 7f 04 00 89 7d f0 c7 45 f4 00
0x6e8654ab:   00 00 00 74 08 8d 4d f0 e8 48 a6 0c 00 8b 45 0c
0x6e8654bb:   8b 08 8b 51 04 8b 42 40 50 56 e8 26 df 07 00 83
0x6e8654cb:   c4 08 83 7d f4 00 89 45 08 74 08 8d 4d f0 e8 62 


Register to memory mapping:

EAX=0x00000000 is an unknown value
EBX=0x00000075 is an unknown value
ECX=0x00000000 is an unknown value
EDX=0x00000003 is an unknown value
ESP=0x0090e0b4 is pointing into the stack for thread: 0x003c9800
EBP=0x0090e0d0 is pointing into the stack for thread: 0x003c9800
ESI=0x003c9930 is an unknown value
EDI=0x003c9800 is a thread


Stack: [0x008c0000,0x00910000],  sp=0x0090e0b4,  free space=312k
Native frames: (J=compiled Java code, j=interpreted, Vv=VM code, C=native code)
V  [jvm.dll+0xc54bb]
C  [bwapi_bridge2_5.dll+0x22cf2]
j  bwapi.Game.canBuildHere_native(JLbwapi/TilePosition;Lbwapi/UnitType;Lbwapi/Unit;Z)Z+0
j  bwapi.Game.canBuildHere(Lbwapi/TilePosition;Lbwapi/UnitType;Lbwapi/Unit;Z)Z+10
j  Buildings.getBuildTile(Lbwapi/Unit;Lbwapi/UnitType;Lbwapi/TilePosition;)Lbwapi/TilePosition;+154
j  Buildings.baueGeb(Lbwapi/UnitType;)Z+78
j  Core.testTvT()V+262
j  Core.onFrame()V+10
j  bwapi.AIModule.onFrame()V+11
v  ~StubRoutines::call_stub
V  [jvm.dll+0x14234a]
V  [jvm.dll+0x206e0e]
V  [jvm.dll+0x1423cd]
V  [jvm.dll+0xcb5c2]
V  [jvm.dll+0xcf213]
C  [bwapi_bridge2_5.dll+0x1b20d]
C  [bwapi_bridge2_5.dll+0x75101]
j  bwapi.Mirror.startGame()V+0
j  Core.run()V+15
j  Core.main([Ljava/lang/String;)V+7
v  ~StubRoutines::call_stub
V  [jvm.dll+0x14234a]
V  [jvm.dll+0x206e0e]
V  [jvm.dll+0x1423cd]
V  [jvm.dll+0xcb345]
V  [jvm.dll+0xd5ff7]
C  [javaw.exe+0x2070]
C  [javaw.exe+0xa601]
C  [javaw.exe+0xa68b]
C  [kernel32.dll+0xb713]

Java frames: (J=compiled Java code, j=interpreted, Vv=VM code)
j  bwapi.Game.canBuildHere_native(JLbwapi/TilePosition;Lbwapi/UnitType;Lbwapi/Unit;Z)Z+0
j  bwapi.Game.canBuildHere(Lbwapi/TilePosition;Lbwapi/UnitType;Lbwapi/Unit;Z)Z+10
j  Buildings.getBuildTile(Lbwapi/Unit;Lbwapi/UnitType;Lbwapi/TilePosition;)Lbwapi/TilePosition;+154
j  Buildings.baueGeb(Lbwapi/UnitType;)Z+78
j  Core.testTvT()V+262
j  Core.onFrame()V+10
j  bwapi.AIModule.onFrame()V+11
v  ~StubRoutines::call_stub
j  bwapi.Mirror.startGame()V+0
j  Core.run()V+15
j  Core.main([Ljava/lang/String;)V+7
v  ~StubRoutines::call_stub

---------------  P R O C E S S  ---------------

Java Threads: ( => current thread )
  0x02a49000 JavaThread "Service Thread" daemon [_thread_blocked, id=544, stack(0x02df0000,0x02e40000)]
  0x02a3ac00 JavaThread "C1 CompilerThread0" daemon [_thread_blocked, id=616, stack(0x02da0000,0x02df0000)]
  0x02a39400 JavaThread "Attach Listener" daemon [_thread_blocked, id=1368, stack(0x02d50000,0x02da0000)]
  0x02a38000 JavaThread "Signal Dispatcher" daemon [_thread_blocked, id=1848, stack(0x02d00000,0x02d50000)]
  0x029d0400 JavaThread "Finalizer" daemon [_thread_blocked, id=244, stack(0x02cb0000,0x02d00000)]
  0x029cb400 JavaThread "Reference Handler" daemon [_thread_blocked, id=628, stack(0x02c60000,0x02cb0000)]
=>0x003c9800 JavaThread "main" [_thread_in_vm, id=192, stack(0x008c0000,0x00910000)]

Other Threads:
  0x029c9800 VMThread [stack: 0x02c10000,0x02c60000] [id=1824]
  0x02a64800 WatcherThread [stack: 0x02e40000,0x02e90000] [id=320]

VM state:not at safepoint (normal execution)

VM Mutex/Monitor currently owned by a thread: None

Heap
 def new generation   total 4928K, used 1064K [0x22c00000, 0x23150000, 0x28150000)
  eden space 4416K,  24% used [0x22c00000, 0x22d0a010, 0x23050000)
  from space 512K,   0% used [0x23050000, 0x23050220, 0x230d0000)
  to   space 512K,   0% used [0x230d0000, 0x230d0000, 0x23150000)
 tenured generation   total 10944K, used 234K [0x28150000, 0x28c00000, 0x32c00000)
   the space 10944K,   2% used [0x28150000, 0x2818aa78, 0x2818ac00, 0x28c00000)
 compacting perm gen  total 12288K, used 588K [0x32c00000, 0x33800000, 0x36c00000)
   the space 12288K,   4% used [0x32c00000, 0x32c93330, 0x32c93400, 0x33800000)
    ro space 10240K,  42% used [0x36c00000, 0x37035ff0, 0x37036000, 0x37600000)
    rw space 12288K,  51% used [0x37600000, 0x37c3bd30, 0x37c3be00, 0x38200000)

Card table byte_map: [0x02ab0000,0x02b60000] byte_map_base: 0x0299a000

Polling page: 0x003f0000

Code Cache  [0x00930000, 0x009d8000, 0x02930000)
 total_blobs=216 nmethods=79 adapters=74 free_code_cache=32116Kb largest_free_block=32886848

Compilation events (10 events):
Event: 19.245 Thread 0x02a3ac00   67             bwapi.Player::getRace (9 bytes)
Event: 19.245 Thread 0x02a3ac00 nmethod 67 0x009d1048 code [0x009d1140, 0x009d11dc]
Event: 19.285 Thread 0x02a3ac00   69             bwapi.Race::getWorker (9 bytes)
Event: 19.285 Thread 0x02a3ac00 nmethod 69 0x009d14c8 code [0x009d15c0, 0x009d165c]
Event: 21.638 Thread 0x02a3ac00   71             bwapi.AbstractPoint::<init> (5 bytes)
Event: 21.638 Thread 0x02a3ac00 nmethod 71 0x009d1948 code [0x009d1a40, 0x009d1ac0]
Event: 22.810 Thread 0x02a3ac00   73             bwapi.Position::<init> (15 bytes)
Event: 22.810 Thread 0x02a3ac00 nmethod 73 0x009d1d88 code [0x009d1e80, 0x009d1f00]
Event: 22.850 Thread 0x02a3ac00   76             bwta.BaseLocation::get (53 bytes)
Event: 22.851 Thread 0x02a3ac00 nmethod 76 0x009d2448 code [0x009d2580, 0x009d2718]

GC Heap History (4 events):
Event: 35.659 GC heap before
{Heap before GC invocations=0 (full 0):
 def new generation   total 4928K, used 4416K [0x22c00000, 0x23150000, 0x28150000)
  eden space 4416K, 100% used [0x22c00000, 0x23050000, 0x23050000)
  from space 512K,   0% used [0x23050000, 0x23050000, 0x230d0000)
  to   space 512K,   0% used [0x230d0000, 0x230d0000, 0x23150000)
 tenured generation   total 10944K, used 0K [0x28150000, 0x28c00000, 0x32c00000)
   the space 10944K,   0% used [0x28150000, 0x28150000, 0x28150200, 0x28c00000)
 compacting perm gen  total 12288K, used 585K [0x32c00000, 0x33800000, 0x36c00000)
   the space 12288K,   4% used [0x32c00000, 0x32c92510, 0x32c92600, 0x33800000)
    ro space 10240K,  42% used [0x36c00000, 0x37035ff0, 0x37036000, 0x37600000)
    rw space 12288K,  51% used [0x37600000, 0x37c3bd30, 0x37c3be00, 0x38200000)
Event: 35.660 GC heap after
Heap after GC invocations=1 (full 0):
 def new generation   total 4928K, used 420K [0x22c00000, 0x23150000, 0x28150000)
  eden space 4416K,   0% used [0x22c00000, 0x22c00000, 0x23050000)
  from space 512K,  82% used [0x230d0000, 0x23139130, 0x23150000)
  to   space 512K,   0% used [0x23050000, 0x23050000, 0x230d0000)
 tenured generation   total 10944K, used 0K [0x28150000, 0x28c00000, 0x32c00000)
   the space 10944K,   0% used [0x28150000, 0x28150000, 0x28150200, 0x28c00000)
 compacting perm gen  total 12288K, used 585K [0x32c00000, 0x33800000, 0x36c00000)
   the space 12288K,   4% used [0x32c00000, 0x32c92510, 0x32c92600, 0x33800000)
    ro space 10240K,  42% used [0x36c00000, 0x37035ff0, 0x37036000, 0x37600000)
    rw space 12288K,  51% used [0x37600000, 0x37c3bd30, 0x37c3be00, 0x38200000)
}
Event: 60.524 GC heap before
{Heap before GC invocations=1 (full 0):
 def new generation   total 4928K, used 4836K [0x22c00000, 0x23150000, 0x28150000)
  eden space 4416K, 100% used [0x22c00000, 0x23050000, 0x23050000)
  from space 512K,  82% used [0x230d0000, 0x23139130, 0x23150000)
  to   space 512K,   0% used [0x23050000, 0x23050000, 0x230d0000)
 tenured generation   total 10944K, used 0K [0x28150000, 0x28c00000, 0x32c00000)
   the space 10944K,   0% used [0x28150000, 0x28150000, 0x28150200, 0x28c00000)
 compacting perm gen  total 12288K, used 585K [0x32c00000, 0x33800000, 0x36c00000)
   the space 12288K,   4% used [0x32c00000, 0x32c92510, 0x32c92600, 0x33800000)
    ro space 10240K,  42% used [0x36c00000, 0x37035ff0, 0x37036000, 0x37600000)
    rw space 12288K,  51% used [0x37600000, 0x37c3bd30, 0x37c3be00, 0x38200000)
Event: 60.525 GC heap after
Heap after GC invocations=2 (full 0):
 def new generation   total 4928K, used 0K [0x22c00000, 0x23150000, 0x28150000)
  eden space 4416K,   0% used [0x22c00000, 0x22c00000, 0x23050000)
  from space 512K,   0% used [0x23050000, 0x23050220, 0x230d0000)
  to   space 512K,   0% used [0x230d0000, 0x230d0000, 0x23150000)
 tenured generation   total 10944K, used 234K [0x28150000, 0x28c00000, 0x32c00000)
   the space 10944K,   2% used [0x28150000, 0x2818aa78, 0x2818ac00, 0x28c00000)
 compacting perm gen  total 12288K, used 585K [0x32c00000, 0x33800000, 0x36c00000)
   the space 12288K,   4% used [0x32c00000, 0x32c92510, 0x32c92600, 0x33800000)
    ro space 10240K,  42% used [0x36c00000, 0x37035ff0, 0x37036000, 0x37600000)
    rw space 12288K,  51% used [0x37600000, 0x37c3bd30, 0x37c3be00, 0x38200000)
}

Deoptimization events (0 events):
No events

Internal exceptions (10 events):
Event: 0.059 Thread 0x003c9800 Threw 0x22cecd88 at C:\re\jdk7u76\1941\hotspot\src\share\vm\prims\jvm.cpp:1304
Event: 0.059 Thread 0x003c9800 Threw 0x22cefe28 at C:\re\jdk7u76\1941\hotspot\src\share\vm\prims\jvm.cpp:1304
Event: 0.063 Thread 0x003c9800 Threw 0x22d08780 at C:\re\jdk7u76\1941\hotspot\src\share\vm\prims\jvm.cpp:1304
Event: 0.065 Thread 0x003c9800 Threw 0x22d0f6f8 at C:\re\jdk7u76\1941\hotspot\src\share\vm\prims\jvm.cpp:1304
Event: 0.112 Thread 0x003c9800 Threw 0x22d1b708 at C:\re\jdk7u76\1941\hotspot\src\share\vm\prims\jvm.cpp:1304
Event: 9.979 Thread 0x003c9800 Threw 0x22d1eb30 at C:\re\jdk7u76\1941\hotspot\src\share\vm\prims\jvm.cpp:1304
Event: 9.980 Thread 0x003c9800 Threw 0x22d22c18 at C:\re\jdk7u76\1941\hotspot\src\share\vm\prims\jvm.cpp:1304
Event: 10.335 Thread 0x003c9800 Threw 0x22d26298 at C:\re\jdk7u76\1941\hotspot\src\share\vm\prims\jvm.cpp:1304
Event: 10.337 Thread 0x003c9800 Threw 0x22d2dfd8 at C:\re\jdk7u76\1941\hotspot\src\share\vm\prims\jvm.cpp:1304
Event: 65.521 Thread 0x003c9800 Threw 0x22d024e0 at C:\re\jdk7u76\1941\hotspot\src\share\vm\prims\jvm.cpp:1304

Events (10 events):
Event: 35.661 Executing VM operation: RevokeBias
Event: 35.661 Executing VM operation: RevokeBias done
Event: 35.661 Executing VM operation: RevokeBias
Event: 35.661 Executing VM operation: RevokeBias done
Event: 35.661 Executing VM operation: RevokeBias
Event: 35.661 Executing VM operation: RevokeBias done
Event: 60.524 Executing VM operation: GenCollectForAllocation
Event: 60.525 Executing VM operation: GenCollectForAllocation done
Event: 65.521 loading class 0x02a8fbf8
Event: 65.521 loading class 0x02a8fbf8 done


Dynamic libraries:
0x00400000 - 0x0042f000 	C:\Program Files\Java\jre7\bin\javaw.exe
0x7c900000 - 0x7c9af000 	C:\WINDOWS\system32\ntdll.dll
0x7c800000 - 0x7c8f6000 	C:\WINDOWS\system32\kernel32.dll
0x77dd0000 - 0x77e6b000 	C:\WINDOWS\system32\ADVAPI32.dll
0x77e70000 - 0x77f02000 	C:\WINDOWS\system32\RPCRT4.dll
0x77fe0000 - 0x77ff1000 	C:\WINDOWS\system32\Secur32.dll
0x7e410000 - 0x7e4a1000 	C:\WINDOWS\system32\USER32.dll
0x77f10000 - 0x77f59000 	C:\WINDOWS\system32\GDI32.dll
0x773d0000 - 0x774d3000 	C:\WINDOWS\WinSxS\x86_Microsoft.Windows.Common-Controls_6595b64144ccf1df_6.0.2600.5512_x-ww_35d4ce83\COMCTL32.dll
0x77c10000 - 0x77c68000 	C:\WINDOWS\system32\msvcrt.dll
0x77f60000 - 0x77fd6000 	C:\WINDOWS\system32\SHLWAPI.dll
0x78aa0000 - 0x78b5f000 	C:\Program Files\Java\jre7\bin\msvcr100.dll
0x6e7a0000 - 0x6eb29000 	C:\Program Files\Java\jre7\bin\client\jvm.dll
0x71ad0000 - 0x71ad9000 	C:\WINDOWS\system32\WSOCK32.dll
0x71ab0000 - 0x71ac7000 	C:\WINDOWS\system32\WS2_32.dll
0x71aa0000 - 0x71aa8000 	C:\WINDOWS\system32\WS2HELP.dll
0x76b40000 - 0x76b6d000 	C:\WINDOWS\system32\WINMM.dll
0x76bf0000 - 0x76bfb000 	C:\WINDOWS\system32\PSAPI.DLL
0x6e6f0000 - 0x6e6fc000 	C:\Program Files\Java\jre7\bin\verify.dll
0x6d480000 - 0x6d4a0000 	C:\Program Files\Java\jre7\bin\java.dll
0x6e780000 - 0x6e793000 	C:\Program Files\Java\jre7\bin\zip.dll
0x10000000 - 0x10286000 	C:\Documents and Settings\KI\workspace\ExampleBot\bwapi_bridge2_5.dll
0x6acc0000 - 0x6ad27000 	C:\Documents and Settings\KI\workspace\ExampleBot\libgmp-10.dll
0x6f540000 - 0x6f59e000 	C:\Documents and Settings\KI\workspace\ExampleBot\libmpfr-4.dll
0x02ea0000 - 0x02f11000 	C:\WINDOWS\system32\MSVCP120.dll
0x02f20000 - 0x0300e000 	C:\WINDOWS\system32\MSVCR120.dll
0x59a60000 - 0x59b01000 	C:\WINDOWS\system32\dbghelp.dll
0x77c00000 - 0x77c08000 	C:\WINDOWS\system32\VERSION.dll

VM Arguments:
jvm_args: -Dfile.encoding=Cp1252 
java_command: Core
Launcher Type: SUN_STANDARD

Environment Variables:
PATH=C:/Program Files/Java/jre7/bin/client;C:/Program Files/Java/jre7/bin;C:/Program Files/Java/jre7/lib/i386;C:\WINDOWS\system32;C:\WINDOWS;C:\WINDOWS\System32\Wbem;C:\Program Files\eclipse;
USERNAME=KI
OS=Windows_NT
PROCESSOR_IDENTIFIER=x86 Family 6 Model 42 Stepping 7, GenuineIntel



---------------  S Y S T E M  ---------------

OS: Windows XP Build 2600 Service Pack 3

CPU:total 1 (1 cores per cpu, 1 threads per core) family 6 model 42 stepping 7, cmov, cx8, fxsr, mmx, sse, sse2, sse3, ssse3, sse4.1, sse4.2, popcnt, aes, tsc, tscinvbit

Memory: 4k page, physical 3669488k(3074604k free), swap 5602276k(5127252k free)

vm_info: Java HotSpot(TM) Client VM (24.76-b04) for windows-x86 JRE (1.7.0_76-b13), built on Dec 18 2014 17:07:28 by "java_re" with unknown MS VC++:1600

time: Mon Apr 09 10:40:21 2018
elapsed time: 65 seconds

