#
# A fatal error has been detected by the Java Runtime Environment:
#
#  EXCEPTION_ACCESS_VIOLATION (0xc0000005) at pc=0x6e8654bb, pid=716, tid=612
#
# JRE version: Java(TM) SE Runtime Environment (7.0_76-b13) (build 1.7.0_76-b13)
# Java VM: Java HotSpot(TM) Client VM (24.76-b04 mixed mode, sharing windows-x86 )
# Problematic frame:
# V  [jvm.dll+0xc54bb]
#
# Failed to write core dump. Minidumps are not enabled by default on client versions of Windows
#
# If you would like to submit a bug report, please visit:
#   http://bugreport.java.com/bugreport/crash.jsp
#

---------------  T H R E A D  ---------------

Current thread (0x003c9800):  JavaThread "main" [_thread_in_vm, id=612, stack(0x008c0000,0x00910000)]

siginfo: ExceptionCode=0xc0000005, reading address 0x00000000

Registers:
EAX=0x00000000, EBX=0x003c9930, ECX=0x00000000, EDX=0x00000001
ESP=0x0090e0fc, EBP=0x0090e118, ESI=0x003c9930, EDI=0x003c9800
EIP=0x6e8654bb, EFLAGS=0x00010246

Top of Stack: (sp=0x0090e0fc)
0x0090e0fc:   00000000 32c37470 003c9930 003c9800
0x0090e10c:   00000000 32c37470 32c37470 0090e168
0x0090e11c:   10021c2d 003c9930 00000000 32c30079
0x0090e12c:   32c37470 0090e168 10021bfc 00000001
0x0090e13c:   0000000f 003c0049 00000006 00000008
0x0090e14c:   003c9800 00000001 0000000f 003c9800
0x0090e15c:   32c37470 32c37470 003c9930 0090e1a8
0x0090e16c:   0093aa9d 003c9930 0090e1c4 000e3b58 

Instructions: (pc=0x6e8654bb)
0x6e86549b:   f3 ff 83 c4 08 83 7f 04 00 89 7d f0 c7 45 f4 00
0x6e8654ab:   00 00 00 74 08 8d 4d f0 e8 48 a6 0c 00 8b 45 0c
0x6e8654bb:   8b 08 8b 51 04 8b 42 40 50 56 e8 26 df 07 00 83
0x6e8654cb:   c4 08 83 7d f4 00 89 45 08 74 08 8d 4d f0 e8 62 


Register to memory mapping:

EAX=0x00000000 is an unknown value
EBX=0x003c9930 is an unknown value
ECX=0x00000000 is an unknown value
EDX=0x00000001 is an unknown value
ESP=0x0090e0fc is pointing into the stack for thread: 0x003c9800
EBP=0x0090e118 is pointing into the stack for thread: 0x003c9800
ESI=0x003c9930 is an unknown value
EDI=0x003c9800 is a thread


Stack: [0x008c0000,0x00910000],  sp=0x0090e0fc,  free space=312k
Native frames: (J=compiled Java code, j=interpreted, Vv=VM code, C=native code)
V  [jvm.dll+0xc54bb]
C  [bwapi_bridge2_5.dll+0x21c2d]
j  bwapi.Game.isExplored_native(JLbwapi/TilePosition;)Z+0
j  bwapi.Game.isExplored(Lbwapi/TilePosition;)Z+6
j  Buildings.getBuildTile()Lbwapi/TilePosition;+32
j  Buildings.baueGeb(Lbwapi/UnitType;)Z+6
j  Core.testbuild2()V+96
j  Core.onFrame()V+10
j  bwapi.AIModule.onFrame()V+11
v  ~StubRoutines::call_stub
V  [jvm.dll+0x14234a]
V  [jvm.dll+0x206e0e]
V  [jvm.dll+0x1423cd]
V  [jvm.dll+0xcb5c2]
V  [jvm.dll+0xcf213]
C  [bwapi_bridge2_5.dll+0x1b20d]
C  [bwapi_bridge2_5.dll+0x75101]
j  bwapi.Mirror.startGame()V+0
j  Core.run()V+15
j  Core.main([Ljava/lang/String;)V+7
v  ~StubRoutines::call_stub
V  [jvm.dll+0x14234a]
V  [jvm.dll+0x206e0e]
V  [jvm.dll+0x1423cd]
V  [jvm.dll+0xcb345]
V  [jvm.dll+0xd5ff7]
C  [javaw.exe+0x2070]
C  [javaw.exe+0xa601]
C  [javaw.exe+0xa68b]
C  [kernel32.dll+0xb713]

Java frames: (J=compiled Java code, j=interpreted, Vv=VM code)
j  bwapi.Game.isExplored_native(JLbwapi/TilePosition;)Z+0
j  bwapi.Game.isExplored(Lbwapi/TilePosition;)Z+6
j  Buildings.getBuildTile()Lbwapi/TilePosition;+32
j  Buildings.baueGeb(Lbwapi/UnitType;)Z+6
j  Core.testbuild2()V+96
j  Core.onFrame()V+10
j  bwapi.AIModule.onFrame()V+11
v  ~StubRoutines::call_stub
j  bwapi.Mirror.startGame()V+0
j  Core.run()V+15
j  Core.main([Ljava/lang/String;)V+7
v  ~StubRoutines::call_stub

---------------  P R O C E S S  ---------------

Java Threads: ( => current thread )
  0x02a48c00 JavaThread "Service Thread" daemon [_thread_blocked, id=1492, stack(0x02df0000,0x02e40000)]
  0x02a3ac00 JavaThread "C1 CompilerThread0" daemon [_thread_blocked, id=1996, stack(0x02da0000,0x02df0000)]
  0x02a39000 JavaThread "Attach Listener" daemon [_thread_blocked, id=220, stack(0x02d50000,0x02da0000)]
  0x02a37c00 JavaThread "Signal Dispatcher" daemon [_thread_blocked, id=1816, stack(0x02d00000,0x02d50000)]
  0x029d0400 JavaThread "Finalizer" daemon [_thread_blocked, id=1360, stack(0x02cb0000,0x02d00000)]
  0x029cb400 JavaThread "Reference Handler" daemon [_thread_blocked, id=1580, stack(0x02c60000,0x02cb0000)]
=>0x003c9800 JavaThread "main" [_thread_in_vm, id=612, stack(0x008c0000,0x00910000)]

Other Threads:
  0x029c9800 VMThread [stack: 0x02c10000,0x02c60000] [id=184]
  0x02a64800 WatcherThread [stack: 0x02e40000,0x02e90000] [id=412]

VM state:not at safepoint (normal execution)

VM Mutex/Monitor currently owned by a thread: None

Heap
 def new generation   total 4928K, used 555K [0x22c00000, 0x23150000, 0x28150000)
  eden space 4416K,  12% used [0x22c00000, 0x22c8ab58, 0x23050000)
  from space 512K,   0% used [0x23050000, 0x23050168, 0x230d0000)
  to   space 512K,   0% used [0x230d0000, 0x230d0000, 0x23150000)
 tenured generation   total 10944K, used 242K [0x28150000, 0x28c00000, 0x32c00000)
   the space 10944K,   2% used [0x28150000, 0x2818c860, 0x2818ca00, 0x28c00000)
 compacting perm gen  total 12288K, used 599K [0x32c00000, 0x33800000, 0x36c00000)
   the space 12288K,   4% used [0x32c00000, 0x32c95c98, 0x32c95e00, 0x33800000)
    ro space 10240K,  42% used [0x36c00000, 0x37035ff0, 0x37036000, 0x37600000)
    rw space 12288K,  51% used [0x37600000, 0x37c3bd30, 0x37c3be00, 0x38200000)

Card table byte_map: [0x02ab0000,0x02b60000] byte_map_base: 0x0299a000

Polling page: 0x003f0000

Code Cache  [0x00930000, 0x009d8000, 0x02930000)
 total_blobs=229 nmethods=92 adapters=74 free_code_cache=32103Kb largest_free_block=32874112

Compilation events (10 events):
Event: 14.087 Thread 0x02a3ac00   80             bwapi.Race::get (53 bytes)
Event: 14.088 Thread 0x02a3ac00 nmethod 80 0x009d3dc8 code [0x009d3f00, 0x009d4098]
Event: 14.117 Thread 0x02a3ac00   83             bwta.BaseLocation::get (53 bytes)
Event: 14.117 Thread 0x02a3ac00 nmethod 83 0x009d46c8 code [0x009d4800, 0x009d4998]
Event: 14.117 Thread 0x02a3ac00   84             bwapi.Player::getRace (9 bytes)
Event: 14.117 Thread 0x02a3ac00 nmethod 84 0x009d4ac8 code [0x009d4bc0, 0x009d4c5c]
Event: 14.117 Thread 0x02a3ac00   86             bwapi.Race::getWorker (9 bytes)
Event: 14.117 Thread 0x02a3ac00 nmethod 86 0x009d4f48 code [0x009d5040, 0x009d50dc]
Event: 16.370 Thread 0x02a3ac00   90             Buildings::isinproduction (30 bytes)
Event: 16.370 Thread 0x02a3ac00 nmethod 90 0x009d58c8 code [0x009d5a00, 0x009d5b80]

GC Heap History (10 events):
Event: 20.117 GC heap before
{Heap before GC invocations=3 (full 0):
 def new generation   total 4928K, used 4416K [0x22c00000, 0x23150000, 0x28150000)
  eden space 4416K, 100% used [0x22c00000, 0x23050000, 0x23050000)
  from space 512K,   0% used [0x230d0000, 0x230d0088, 0x23150000)
  to   space 512K,   0% used [0x23050000, 0x23050000, 0x230d0000)
 tenured generation   total 10944K, used 242K [0x28150000, 0x28c00000, 0x32c00000)
   the space 10944K,   2% used [0x28150000, 0x2818c860, 0x2818ca00, 0x28c00000)
 compacting perm gen  total 12288K, used 599K [0x32c00000, 0x33800000, 0x36c00000)
   the space 12288K,   4% used [0x32c00000, 0x32c95c98, 0x32c95e00, 0x33800000)
    ro space 10240K,  42% used [0x36c00000, 0x37035ff0, 0x37036000, 0x37600000)
    rw space 12288K,  51% used [0x37600000, 0x37c3bd30, 0x37c3be00, 0x38200000)
Event: 20.117 GC heap after
Heap after GC invocations=4 (full 0):
 def new generation   total 4928K, used 0K [0x22c00000, 0x23150000, 0x28150000)
  eden space 4416K,   0% used [0x22c00000, 0x22c00000, 0x23050000)
  from space 512K,   0% used [0x23050000, 0x230500f8, 0x230d0000)
  to   space 512K,   0% used [0x230d0000, 0x230d0000, 0x23150000)
 tenured generation   total 10944K, used 242K [0x28150000, 0x28c00000, 0x32c00000)
   the space 10944K,   2% used [0x28150000, 0x2818c860, 0x2818ca00, 0x28c00000)
 compacting perm gen  total 12288K, used 599K [0x32c00000, 0x33800000, 0x36c00000)
   the space 12288K,   4% used [0x32c00000, 0x32c95c98, 0x32c95e00, 0x33800000)
    ro space 10240K,  42% used [0x36c00000, 0x37035ff0, 0x37036000, 0x37600000)
    rw space 12288K,  51% used [0x37600000, 0x37c3bd30, 0x37c3be00, 0x38200000)
}
Event: 24.353 GC heap before
{Heap before GC invocations=4 (full 0):
 def new generation   total 4928K, used 4416K [0x22c00000, 0x23150000, 0x28150000)
  eden space 4416K, 100% used [0x22c00000, 0x23050000, 0x23050000)
  from space 512K,   0% used [0x23050000, 0x230500f8, 0x230d0000)
  to   space 512K,   0% used [0x230d0000, 0x230d0000, 0x23150000)
 tenured generation   total 10944K, used 242K [0x28150000, 0x28c00000, 0x32c00000)
   the space 10944K,   2% used [0x28150000, 0x2818c860, 0x2818ca00, 0x28c00000)
 compacting perm gen  total 12288K, used 599K [0x32c00000, 0x33800000, 0x36c00000)
   the space 12288K,   4% used [0x32c00000, 0x32c95c98, 0x32c95e00, 0x33800000)
    ro space 10240K,  42% used [0x36c00000, 0x37035ff0, 0x37036000, 0x37600000)
    rw space 12288K,  51% used [0x37600000, 0x37c3bd30, 0x37c3be00, 0x38200000)
Event: 24.353 GC heap after
Heap after GC invocations=5 (full 0):
 def new generation   total 4928K, used 0K [0x22c00000, 0x23150000, 0x28150000)
  eden space 4416K,   0% used [0x22c00000, 0x22c00000, 0x23050000)
  from space 512K,   0% used [0x230d0000, 0x230d00f8, 0x23150000)
  to   space 512K,   0% used [0x23050000, 0x23050000, 0x230d0000)
 tenured generation   total 10944K, used 242K [0x28150000, 0x28c00000, 0x32c00000)
   the space 10944K,   2% used [0x28150000, 0x2818c860, 0x2818ca00, 0x28c00000)
 compacting perm gen  total 12288K, used 599K [0x32c00000, 0x33800000, 0x36c00000)
   the space 12288K,   4% used [0x32c00000, 0x32c95c98, 0x32c95e00, 0x33800000)
    ro space 10240K,  42% used [0x36c00000, 0x37035ff0, 0x37036000, 0x37600000)
    rw space 12288K,  51% used [0x37600000, 0x37c3bd30, 0x37c3be00, 0x38200000)
}
Event: 28.578 GC heap before
{Heap before GC invocations=5 (full 0):
 def new generation   total 4928K, used 4416K [0x22c00000, 0x23150000, 0x28150000)
  eden space 4416K, 100% used [0x22c00000, 0x23050000, 0x23050000)
  from space 512K,   0% used [0x230d0000, 0x230d00f8, 0x23150000)
  to   space 512K,   0% used [0x23050000, 0x23050000, 0x230d0000)
 tenured generation   total 10944K, used 242K [0x28150000, 0x28c00000, 0x32c00000)
   the space 10944K,   2% used [0x28150000, 0x2818c860, 0x2818ca00, 0x28c00000)
 compacting perm gen  total 12288K, used 599K [0x32c00000, 0x33800000, 0x36c00000)
   the space 12288K,   4% used [0x32c00000, 0x32c95c98, 0x32c95e00, 0x33800000)
    ro space 10240K,  42% used [0x36c00000, 0x37035ff0, 0x37036000, 0x37600000)
    rw space 12288K,  51% used [0x37600000, 0x37c3bd30, 0x37c3be00, 0x38200000)
Event: 28.579 GC heap after
Heap after GC invocations=6 (full 0):
 def new generation   total 4928K, used 0K [0x22c00000, 0x23150000, 0x28150000)
  eden space 4416K,   0% used [0x22c00000, 0x22c00000, 0x23050000)
  from space 512K,   0% used [0x23050000, 0x23050168, 0x230d0000)
  to   space 512K,   0% used [0x230d0000, 0x230d0000, 0x23150000)
 tenured generation   total 10944K, used 242K [0x28150000, 0x28c00000, 0x32c00000)
   the space 10944K,   2% used [0x28150000, 0x2818c860, 0x2818ca00, 0x28c00000)
 compacting perm gen  total 12288K, used 599K [0x32c00000, 0x33800000, 0x36c00000)
   the space 12288K,   4% used [0x32c00000, 0x32c95c98, 0x32c95e00, 0x33800000)
    ro space 10240K,  42% used [0x36c00000, 0x37035ff0, 0x37036000, 0x37600000)
    rw space 12288K,  51% used [0x37600000, 0x37c3bd30, 0x37c3be00, 0x38200000)
}
Event: 32.653 GC heap before
{Heap before GC invocations=6 (full 0):
 def new generation   total 4928K, used 4416K [0x22c00000, 0x23150000, 0x28150000)
  eden space 4416K, 100% used [0x22c00000, 0x23050000, 0x23050000)
  from space 512K,   0% used [0x23050000, 0x23050168, 0x230d0000)
  to   space 512K,   0% used [0x230d0000, 0x230d0000, 0x23150000)
 tenured generation   total 10944K, used 242K [0x28150000, 0x28c00000, 0x32c00000)
   the space 10944K,   2% used [0x28150000, 0x2818c860, 0x2818ca00, 0x28c00000)
 compacting perm gen  total 12288K, used 599K [0x32c00000, 0x33800000, 0x36c00000)
   the space 12288K,   4% used [0x32c00000, 0x32c95c98, 0x32c95e00, 0x33800000)
    ro space 10240K,  42% used [0x36c00000, 0x37035ff0, 0x37036000, 0x37600000)
    rw space 12288K,  51% used [0x37600000, 0x37c3bd30, 0x37c3be00, 0x38200000)
Event: 32.653 GC heap after
Heap after GC invocations=7 (full 0):
 def new generation   total 4928K, used 0K [0x22c00000, 0x23150000, 0x28150000)
  eden space 4416K,   0% used [0x22c00000, 0x22c00000, 0x23050000)
  from space 512K,   0% used [0x230d0000, 0x230d0238, 0x23150000)
  to   space 512K,   0% used [0x23050000, 0x23050000, 0x230d0000)
 tenured generation   total 10944K, used 242K [0x28150000, 0x28c00000, 0x32c00000)
   the space 10944K,   2% used [0x28150000, 0x2818c860, 0x2818ca00, 0x28c00000)
 compacting perm gen  total 12288K, used 599K [0x32c00000, 0x33800000, 0x36c00000)
   the space 12288K,   4% used [0x32c00000, 0x32c95c98, 0x32c95e00, 0x33800000)
    ro space 10240K,  42% used [0x36c00000, 0x37035ff0, 0x37036000, 0x37600000)
    rw space 12288K,  51% used [0x37600000, 0x37c3bd30, 0x37c3be00, 0x38200000)
}
Event: 36.711 GC heap before
{Heap before GC invocations=7 (full 0):
 def new generation   total 4928K, used 4416K [0x22c00000, 0x23150000, 0x28150000)
  eden space 4416K, 100% used [0x22c00000, 0x23050000, 0x23050000)
  from space 512K,   0% used [0x230d0000, 0x230d0238, 0x23150000)
  to   space 512K,   0% used [0x23050000, 0x23050000, 0x230d0000)
 tenured generation   total 10944K, used 242K [0x28150000, 0x28c00000, 0x32c00000)
   the space 10944K,   2% used [0x28150000, 0x2818c860, 0x2818ca00, 0x28c00000)
 compacting perm gen  total 12288K, used 599K [0x32c00000, 0x33800000, 0x36c00000)
   the space 12288K,   4% used [0x32c00000, 0x32c95c98, 0x32c95e00, 0x33800000)
    ro space 10240K,  42% used [0x36c00000, 0x37035ff0, 0x37036000, 0x37600000)
    rw space 12288K,  51% used [0x37600000, 0x37c3bd30, 0x37c3be00, 0x38200000)
Event: 36.712 GC heap after
Heap after GC invocations=8 (full 0):
 def new generation   total 4928K, used 0K [0x22c00000, 0x23150000, 0x28150000)
  eden space 4416K,   0% used [0x22c00000, 0x22c00000, 0x23050000)
  from space 512K,   0% used [0x23050000, 0x23050168, 0x230d0000)
  to   space 512K,   0% used [0x230d0000, 0x230d0000, 0x23150000)
 tenured generation   total 10944K, used 242K [0x28150000, 0x28c00000, 0x32c00000)
   the space 10944K,   2% used [0x28150000, 0x2818c860, 0x2818ca00, 0x28c00000)
 compacting perm gen  total 12288K, used 599K [0x32c00000, 0x33800000, 0x36c00000)
   the space 12288K,   4% used [0x32c00000, 0x32c95c98, 0x32c95e00, 0x33800000)
    ro space 10240K,  42% used [0x36c00000, 0x37035ff0, 0x37036000, 0x37600000)
    rw space 12288K,  51% used [0x37600000, 0x37c3bd30, 0x37c3be00, 0x38200000)
}

Deoptimization events (0 events):
No events

Internal exceptions (10 events):
Event: 0.073 Thread 0x003c9800 Threw 0x22cf9cb8 at C:\re\jdk7u76\1941\hotspot\src\share\vm\prims\jvm.cpp:1304
Event: 0.132 Thread 0x003c9800 Threw 0x22d05cd8 at C:\re\jdk7u76\1941\hotspot\src\share\vm\prims\jvm.cpp:1304
Event: 4.731 Thread 0x003c9800 Threw 0x22d09088 at C:\re\jdk7u76\1941\hotspot\src\share\vm\prims\jvm.cpp:1304
Event: 4.732 Thread 0x003c9800 Threw 0x22d0cc60 at C:\re\jdk7u76\1941\hotspot\src\share\vm\prims\jvm.cpp:1304
Event: 5.115 Thread 0x003c9800 Threw 0x22d10358 at C:\re\jdk7u76\1941\hotspot\src\share\vm\prims\jvm.cpp:1304
Event: 5.117 Thread 0x003c9800 Threw 0x22d15a20 at C:\re\jdk7u76\1941\hotspot\src\share\vm\prims\jvm.cpp:1304
Event: 5.118 Thread 0x003c9800 Threw 0x22d176c0 at C:\re\jdk7u76\1941\hotspot\src\share\vm\prims\jvm.cpp:1304
Event: 5.118 Thread 0x003c9800 Threw 0x22d1af40 at C:\re\jdk7u76\1941\hotspot\src\share\vm\prims\jvm.cpp:1304
Event: 5.119 Thread 0x003c9800 Threw 0x22d337a8 at C:\re\jdk7u76\1941\hotspot\src\share\vm\prims\jvm.cpp:1304
Event: 5.168 Thread 0x003c9800 Threw 0x22e6bb20 at C:\re\jdk7u76\1941\hotspot\src\share\vm\prims\jvm.cpp:1304

Events (10 events):
Event: 20.117 Executing VM operation: GenCollectForAllocation
Event: 20.117 Executing VM operation: GenCollectForAllocation done
Event: 24.353 Executing VM operation: GenCollectForAllocation
Event: 24.353 Executing VM operation: GenCollectForAllocation done
Event: 28.578 Executing VM operation: GenCollectForAllocation
Event: 28.579 Executing VM operation: GenCollectForAllocation done
Event: 32.653 Executing VM operation: GenCollectForAllocation
Event: 32.653 Executing VM operation: GenCollectForAllocation done
Event: 36.711 Executing VM operation: GenCollectForAllocation
Event: 36.712 Executing VM operation: GenCollectForAllocation done


Dynamic libraries:
0x00400000 - 0x0042f000 	C:\Program Files\Java\jre7\bin\javaw.exe
0x7c900000 - 0x7c9af000 	C:\WINDOWS\system32\ntdll.dll
0x7c800000 - 0x7c8f6000 	C:\WINDOWS\system32\kernel32.dll
0x77dd0000 - 0x77e6b000 	C:\WINDOWS\system32\ADVAPI32.dll
0x77e70000 - 0x77f02000 	C:\WINDOWS\system32\RPCRT4.dll
0x77fe0000 - 0x77ff1000 	C:\WINDOWS\system32\Secur32.dll
0x7e410000 - 0x7e4a1000 	C:\WINDOWS\system32\USER32.dll
0x77f10000 - 0x77f59000 	C:\WINDOWS\system32\GDI32.dll
0x773d0000 - 0x774d3000 	C:\WINDOWS\WinSxS\x86_Microsoft.Windows.Common-Controls_6595b64144ccf1df_6.0.2600.5512_x-ww_35d4ce83\COMCTL32.dll
0x77c10000 - 0x77c68000 	C:\WINDOWS\system32\msvcrt.dll
0x77f60000 - 0x77fd6000 	C:\WINDOWS\system32\SHLWAPI.dll
0x78aa0000 - 0x78b5f000 	C:\Program Files\Java\jre7\bin\msvcr100.dll
0x6e7a0000 - 0x6eb29000 	C:\Program Files\Java\jre7\bin\client\jvm.dll
0x71ad0000 - 0x71ad9000 	C:\WINDOWS\system32\WSOCK32.dll
0x71ab0000 - 0x71ac7000 	C:\WINDOWS\system32\WS2_32.dll
0x71aa0000 - 0x71aa8000 	C:\WINDOWS\system32\WS2HELP.dll
0x76b40000 - 0x76b6d000 	C:\WINDOWS\system32\WINMM.dll
0x76bf0000 - 0x76bfb000 	C:\WINDOWS\system32\PSAPI.DLL
0x6e6f0000 - 0x6e6fc000 	C:\Program Files\Java\jre7\bin\verify.dll
0x6d480000 - 0x6d4a0000 	C:\Program Files\Java\jre7\bin\java.dll
0x6e780000 - 0x6e793000 	C:\Program Files\Java\jre7\bin\zip.dll
0x10000000 - 0x10286000 	C:\Documents and Settings\KI\workspace\ExampleBot\bwapi_bridge2_5.dll
0x6acc0000 - 0x6ad27000 	C:\Documents and Settings\KI\workspace\ExampleBot\libgmp-10.dll
0x6f540000 - 0x6f59e000 	C:\Documents and Settings\KI\workspace\ExampleBot\libmpfr-4.dll
0x02ea0000 - 0x02f11000 	C:\WINDOWS\system32\MSVCP120.dll
0x02f20000 - 0x0300e000 	C:\WINDOWS\system32\MSVCR120.dll
0x59a60000 - 0x59b01000 	C:\WINDOWS\system32\dbghelp.dll
0x77c00000 - 0x77c08000 	C:\WINDOWS\system32\VERSION.dll

VM Arguments:
jvm_args: -Dfile.encoding=Cp1252 
java_command: Core
Launcher Type: SUN_STANDARD

Environment Variables:
PATH=C:/Program Files/Java/jre7/bin/client;C:/Program Files/Java/jre7/bin;C:/Program Files/Java/jre7/lib/i386;C:\WINDOWS\system32;C:\WINDOWS;C:\WINDOWS\System32\Wbem;C:\Program Files\eclipse;
USERNAME=KI
OS=Windows_NT
PROCESSOR_IDENTIFIER=x86 Family 6 Model 42 Stepping 7, GenuineIntel



---------------  S Y S T E M  ---------------

OS: Windows XP Build 2600 Service Pack 3

CPU:total 1 (1 cores per cpu, 1 threads per core) family 6 model 42 stepping 7, cmov, cx8, fxsr, mmx, sse, sse2, sse3, ssse3, sse4.1, sse4.2, popcnt, aes, tsc, tscinvbit

Memory: 4k page, physical 3669488k(3022736k free), swap 5602276k(5062228k free)

vm_info: Java HotSpot(TM) Client VM (24.76-b04) for windows-x86 JRE (1.7.0_76-b13), built on Dec 18 2014 17:07:28 by "java_re" with unknown MS VC++:1600

time: Wed Apr 11 13:38:58 2018
elapsed time: 37 seconds

