#
# A fatal error has been detected by the Java Runtime Environment:
#
#  EXCEPTION_ACCESS_VIOLATION (0xc0000005) at pc=0x6e8654bb, pid=1940, tid=1560
#
# JRE version: Java(TM) SE Runtime Environment (7.0_76-b13) (build 1.7.0_76-b13)
# Java VM: Java HotSpot(TM) Client VM (24.76-b04 mixed mode, sharing windows-x86 )
# Problematic frame:
# V  [jvm.dll+0xc54bb]
#
# Failed to write core dump. Minidumps are not enabled by default on client versions of Windows
#
# If you would like to submit a bug report, please visit:
#   http://bugreport.java.com/bugreport/crash.jsp
#

---------------  T H R E A D  ---------------

Current thread (0x003c9800):  JavaThread "main" [_thread_in_vm, id=1560, stack(0x008c0000,0x00910000)]

siginfo: ExceptionCode=0xc0000005, reading address 0x00000000

Registers:
EAX=0x00000000, EBX=0x003c9800, ECX=0x00000000, EDX=0x00000001
ESP=0x0090e144, EBP=0x0090e160, ESI=0x003c9930, EDI=0x003c9800
EIP=0x6e8654bb, EFLAGS=0x00010246

Top of Stack: (sp=0x0090e144)
0x0090e144:   003c9930 00000000 003c9800 003c9800
0x0090e154:   00000000 055047c4 003c9800 0090e1e8
0x0090e164:   1003885e 003c9930 00000000 05500079
0x0090e174:   003c9800 0090e1e8 1003882d 00000001
0x0090e184:   0000000f 00000049 00000000 281509b8
0x0090e194:   2818bb18 00000001 0000000f 003c9800
0x0090e1a4:   055047c4 00000000 00000000 2824e3e8
0x0090e1b4:   2815b298 00000000 00000000 281e5e30 

Instructions: (pc=0x6e8654bb)
0x6e86549b:   f3 ff 83 c4 08 83 7f 04 00 89 7d f0 c7 45 f4 00
0x6e8654ab:   00 00 00 74 08 8d 4d f0 e8 48 a6 0c 00 8b 45 0c
0x6e8654bb:   8b 08 8b 51 04 8b 42 40 50 56 e8 26 df 07 00 83
0x6e8654cb:   c4 08 83 7d f4 00 89 45 08 74 08 8d 4d f0 e8 62 


Register to memory mapping:

EAX=0x00000000 is an unknown value
EBX=0x003c9800 is a thread
ECX=0x00000000 is an unknown value
EDX=0x00000001 is an unknown value
ESP=0x0090e144 is pointing into the stack for thread: 0x003c9800
EBP=0x0090e160 is pointing into the stack for thread: 0x003c9800
ESI=0x003c9930 is an unknown value
EDI=0x003c9800 is a thread


Stack: [0x008c0000,0x00910000],  sp=0x0090e144,  free space=312k
Native frames: (J=compiled Java code, j=interpreted, Vv=VM code, C=native code)
V  [jvm.dll+0xc54bb]
C  [bwapi_bridge2_5.dll+0x3885e]
J 124  bwapi.Unit.attack_native(JLbwapi/Position;)Z (0 bytes) @ 0x009dd978 [0x009dd8d0+0xa8]
J 116 C1 Core.testbuild2()Z (361 bytes) @ 0x009daea5 [0x009da900+0x5a5]
J 112 C1 Core.onFrame()V (35 bytes) @ 0x009d98b9 [0x009d9870+0x49]
J 111 C1 bwapi.AIModule.onFrame()V (17 bytes) @ 0x009d9641 [0x009d9610+0x31]
v  ~StubRoutines::call_stub
V  [jvm.dll+0x14234a]
V  [jvm.dll+0x206e0e]
V  [jvm.dll+0x1423cd]
V  [jvm.dll+0xcb5c2]
V  [jvm.dll+0xcf213]
C  [bwapi_bridge2_5.dll+0x1b20d]
C  [bwapi_bridge2_5.dll+0x75101]
j  bwapi.Mirror.startGame()V+0
j  Core.run()V+15
j  Core.main([Ljava/lang/String;)V+7
v  ~StubRoutines::call_stub
V  [jvm.dll+0x14234a]
V  [jvm.dll+0x206e0e]
V  [jvm.dll+0x1423cd]
V  [jvm.dll+0xcb345]
V  [jvm.dll+0xd5ff7]
C  [javaw.exe+0x2070]
C  [javaw.exe+0xa601]
C  [javaw.exe+0xa68b]
C  [kernel32.dll+0xb713]

Java frames: (J=compiled Java code, j=interpreted, Vv=VM code)
J 124  bwapi.Unit.attack_native(JLbwapi/Position;)Z (0 bytes) @ 0x009dd934 [0x009dd8d0+0x64]
J 116 C1 Core.testbuild2()Z (361 bytes) @ 0x009daea5 [0x009da900+0x5a5]
J 112 C1 Core.onFrame()V (35 bytes) @ 0x009d98b9 [0x009d9870+0x49]
J 111 C1 bwapi.AIModule.onFrame()V (17 bytes) @ 0x009d9641 [0x009d9610+0x31]
v  ~StubRoutines::call_stub
j  bwapi.Mirror.startGame()V+0
j  Core.run()V+15
j  Core.main([Ljava/lang/String;)V+7
v  ~StubRoutines::call_stub

---------------  P R O C E S S  ---------------

Java Threads: ( => current thread )
  0x02a49000 JavaThread "Service Thread" daemon [_thread_blocked, id=536, stack(0x02df0000,0x02e40000)]
  0x02a3ac00 JavaThread "C1 CompilerThread0" daemon [_thread_blocked, id=1152, stack(0x02da0000,0x02df0000)]
  0x02a39400 JavaThread "Attach Listener" daemon [_thread_blocked, id=808, stack(0x02d50000,0x02da0000)]
  0x02a38000 JavaThread "Signal Dispatcher" daemon [_thread_blocked, id=896, stack(0x02d00000,0x02d50000)]
  0x029d0400 JavaThread "Finalizer" daemon [_thread_blocked, id=1388, stack(0x02cb0000,0x02d00000)]
  0x029cb400 JavaThread "Reference Handler" daemon [_thread_blocked, id=972, stack(0x02c60000,0x02cb0000)]
=>0x003c9800 JavaThread "main" [_thread_in_vm, id=1560, stack(0x008c0000,0x00910000)]

Other Threads:
  0x029c9800 VMThread [stack: 0x02c10000,0x02c60000] [id=908]
  0x02a64800 WatcherThread [stack: 0x02e40000,0x02e90000] [id=508]

VM state:not at safepoint (normal execution)

VM Mutex/Monitor currently owned by a thread: None

Heap
 def new generation   total 4928K, used 93K [0x22c00000, 0x23150000, 0x28150000)
  eden space 4416K,   2% used [0x22c00000, 0x22c17100, 0x23050000)
  from space 512K,   0% used [0x23050000, 0x23050650, 0x230d0000)
  to   space 512K,   0% used [0x230d0000, 0x230d0000, 0x23150000)
 tenured generation   total 10944K, used 1923K [0x28150000, 0x28c00000, 0x32c00000)
   the space 10944K,  17% used [0x28150000, 0x28330ec8, 0x28331000, 0x28c00000)
 compacting perm gen  total 12288K, used 606K [0x32c00000, 0x33800000, 0x36c00000)
   the space 12288K,   4% used [0x32c00000, 0x32c97818, 0x32c97a00, 0x33800000)
    ro space 10240K,  42% used [0x36c00000, 0x37035ff0, 0x37036000, 0x37600000)
    rw space 12288K,  51% used [0x37600000, 0x37c3bd30, 0x37c3be00, 0x38200000)

Card table byte_map: [0x02ab0000,0x02b60000] byte_map_base: 0x0299a000

Polling page: 0x003f0000

Code Cache  [0x00930000, 0x009e8000, 0x02930000)
 total_blobs=284 nmethods=147 adapters=74 free_code_cache=32047Kb largest_free_block=32816832

Compilation events (10 events):
Event: 114.535 Thread 0x02a3ac00  142   !         java.io.BufferedWriter::write (117 bytes)
Event: 114.536 Thread 0x02a3ac00 nmethod 142 0x009e2b08 code [0x009e2c40, 0x009e2f70]
Event: 118.001 Thread 0x02a3ac00  144             bwapi.Order::get (53 bytes)
Event: 118.002 Thread 0x02a3ac00 nmethod 144 0x009e3548 code [0x009e3680, 0x009e3828]
Event: 119.387 Thread 0x02a3ac00  145             java.io.PrintStream::ensureOpen (18 bytes)
Event: 119.387 Thread 0x02a3ac00 nmethod 145 0x009e3948 code [0x009e3a50, 0x009e3b4c]
Event: 122.712 Thread 0x02a3ac00  146             java.nio.Buffer::limit (5 bytes)
Event: 122.712 Thread 0x02a3ac00 nmethod 146 0x009e3c08 code [0x009e3d00, 0x009e3d80]
Event: 123.955 Thread 0x02a3ac00  147             java.nio.CharBuffer::arrayOffset (35 bytes)
Event: 123.956 Thread 0x02a3ac00 nmethod 147 0x009e3dc8 code [0x009e3ee0, 0x009e4054]

GC Heap History (10 events):
Event: 117.674 GC heap before
{Heap before GC invocations=29 (full 0):
 def new generation   total 4928K, used 4416K [0x22c00000, 0x23150000, 0x28150000)
  eden space 4416K, 100% used [0x22c00000, 0x23050000, 0x23050000)
  from space 512K,   0% used [0x230d0000, 0x230d0210, 0x23150000)
  to   space 512K,   0% used [0x23050000, 0x23050000, 0x230d0000)
 tenured generation   total 10944K, used 1923K [0x28150000, 0x28c00000, 0x32c00000)
   the space 10944K,  17% used [0x28150000, 0x28330ec8, 0x28331000, 0x28c00000)
 compacting perm gen  total 12288K, used 602K [0x32c00000, 0x33800000, 0x36c00000)
   the space 12288K,   4% used [0x32c00000, 0x32c96bb8, 0x32c96c00, 0x33800000)
    ro space 10240K,  42% used [0x36c00000, 0x37035ff0, 0x37036000, 0x37600000)
    rw space 12288K,  51% used [0x37600000, 0x37c3bd30, 0x37c3be00, 0x38200000)
Event: 117.674 GC heap after
Heap after GC invocations=30 (full 0):
 def new generation   total 4928K, used 1K [0x22c00000, 0x23150000, 0x28150000)
  eden space 4416K,   0% used [0x22c00000, 0x22c00000, 0x23050000)
  from space 512K,   0% used [0x23050000, 0x23050490, 0x230d0000)
  to   space 512K,   0% used [0x230d0000, 0x230d0000, 0x23150000)
 tenured generation   total 10944K, used 1923K [0x28150000, 0x28c00000, 0x32c00000)
   the space 10944K,  17% used [0x28150000, 0x28330ec8, 0x28331000, 0x28c00000)
 compacting perm gen  total 12288K, used 602K [0x32c00000, 0x33800000, 0x36c00000)
   the space 12288K,   4% used [0x32c00000, 0x32c96bb8, 0x32c96c00, 0x33800000)
    ro space 10240K,  42% used [0x36c00000, 0x37035ff0, 0x37036000, 0x37600000)
    rw space 12288K,  51% used [0x37600000, 0x37c3bd30, 0x37c3be00, 0x38200000)
}
Event: 119.365 GC heap before
{Heap before GC invocations=30 (full 0):
 def new generation   total 4928K, used 4417K [0x22c00000, 0x23150000, 0x28150000)
  eden space 4416K, 100% used [0x22c00000, 0x23050000, 0x23050000)
  from space 512K,   0% used [0x23050000, 0x23050490, 0x230d0000)
  to   space 512K,   0% used [0x230d0000, 0x230d0000, 0x23150000)
 tenured generation   total 10944K, used 1923K [0x28150000, 0x28c00000, 0x32c00000)
   the space 10944K,  17% used [0x28150000, 0x28330ec8, 0x28331000, 0x28c00000)
 compacting perm gen  total 12288K, used 602K [0x32c00000, 0x33800000, 0x36c00000)
   the space 12288K,   4% used [0x32c00000, 0x32c96bb8, 0x32c96c00, 0x33800000)
    ro space 10240K,  42% used [0x36c00000, 0x37035ff0, 0x37036000, 0x37600000)
    rw space 12288K,  51% used [0x37600000, 0x37c3bd30, 0x37c3be00, 0x38200000)
Event: 119.366 GC heap after
Heap after GC invocations=31 (full 0):
 def new generation   total 4928K, used 0K [0x22c00000, 0x23150000, 0x28150000)
  eden space 4416K,   0% used [0x22c00000, 0x22c00000, 0x23050000)
  from space 512K,   0% used [0x230d0000, 0x230d03b8, 0x23150000)
  to   space 512K,   0% used [0x23050000, 0x23050000, 0x230d0000)
 tenured generation   total 10944K, used 1923K [0x28150000, 0x28c00000, 0x32c00000)
   the space 10944K,  17% used [0x28150000, 0x28330ec8, 0x28331000, 0x28c00000)
 compacting perm gen  total 12288K, used 602K [0x32c00000, 0x33800000, 0x36c00000)
   the space 12288K,   4% used [0x32c00000, 0x32c96bb8, 0x32c96c00, 0x33800000)
    ro space 10240K,  42% used [0x36c00000, 0x37035ff0, 0x37036000, 0x37600000)
    rw space 12288K,  51% used [0x37600000, 0x37c3bd30, 0x37c3be00, 0x38200000)
}
Event: 121.076 GC heap before
{Heap before GC invocations=31 (full 0):
 def new generation   total 4928K, used 4416K [0x22c00000, 0x23150000, 0x28150000)
  eden space 4416K, 100% used [0x22c00000, 0x23050000, 0x23050000)
  from space 512K,   0% used [0x230d0000, 0x230d03b8, 0x23150000)
  to   space 512K,   0% used [0x23050000, 0x23050000, 0x230d0000)
 tenured generation   total 10944K, used 1923K [0x28150000, 0x28c00000, 0x32c00000)
   the space 10944K,  17% used [0x28150000, 0x28330ec8, 0x28331000, 0x28c00000)
 compacting perm gen  total 12288K, used 602K [0x32c00000, 0x33800000, 0x36c00000)
   the space 12288K,   4% used [0x32c00000, 0x32c96bb8, 0x32c96c00, 0x33800000)
    ro space 10240K,  42% used [0x36c00000, 0x37035ff0, 0x37036000, 0x37600000)
    rw space 12288K,  51% used [0x37600000, 0x37c3bd30, 0x37c3be00, 0x38200000)
Event: 121.076 GC heap after
Heap after GC invocations=32 (full 0):
 def new generation   total 4928K, used 1K [0x22c00000, 0x23150000, 0x28150000)
  eden space 4416K,   0% used [0x22c00000, 0x22c00000, 0x23050000)
  from space 512K,   0% used [0x23050000, 0x23050450, 0x230d0000)
  to   space 512K,   0% used [0x230d0000, 0x230d0000, 0x23150000)
 tenured generation   total 10944K, used 1923K [0x28150000, 0x28c00000, 0x32c00000)
   the space 10944K,  17% used [0x28150000, 0x28330ec8, 0x28331000, 0x28c00000)
 compacting perm gen  total 12288K, used 602K [0x32c00000, 0x33800000, 0x36c00000)
   the space 12288K,   4% used [0x32c00000, 0x32c96bb8, 0x32c96c00, 0x33800000)
    ro space 10240K,  42% used [0x36c00000, 0x37035ff0, 0x37036000, 0x37600000)
    rw space 12288K,  51% used [0x37600000, 0x37c3bd30, 0x37c3be00, 0x38200000)
}
Event: 122.833 GC heap before
{Heap before GC invocations=32 (full 0):
 def new generation   total 4928K, used 4417K [0x22c00000, 0x23150000, 0x28150000)
  eden space 4416K, 100% used [0x22c00000, 0x23050000, 0x23050000)
  from space 512K,   0% used [0x23050000, 0x23050450, 0x230d0000)
  to   space 512K,   0% used [0x230d0000, 0x230d0000, 0x23150000)
 tenured generation   total 10944K, used 1923K [0x28150000, 0x28c00000, 0x32c00000)
   the space 10944K,  17% used [0x28150000, 0x28330ec8, 0x28331000, 0x28c00000)
 compacting perm gen  total 12288K, used 602K [0x32c00000, 0x33800000, 0x36c00000)
   the space 12288K,   4% used [0x32c00000, 0x32c96bb8, 0x32c96c00, 0x33800000)
    ro space 10240K,  42% used [0x36c00000, 0x37035ff0, 0x37036000, 0x37600000)
    rw space 12288K,  51% used [0x37600000, 0x37c3bd30, 0x37c3be00, 0x38200000)
Event: 122.833 GC heap after
Heap after GC invocations=33 (full 0):
 def new generation   total 4928K, used 1K [0x22c00000, 0x23150000, 0x28150000)
  eden space 4416K,   0% used [0x22c00000, 0x22c00000, 0x23050000)
  from space 512K,   0% used [0x230d0000, 0x230d0430, 0x23150000)
  to   space 512K,   0% used [0x23050000, 0x23050000, 0x230d0000)
 tenured generation   total 10944K, used 1923K [0x28150000, 0x28c00000, 0x32c00000)
   the space 10944K,  17% used [0x28150000, 0x28330ec8, 0x28331000, 0x28c00000)
 compacting perm gen  total 12288K, used 602K [0x32c00000, 0x33800000, 0x36c00000)
   the space 12288K,   4% used [0x32c00000, 0x32c96bb8, 0x32c96c00, 0x33800000)
    ro space 10240K,  42% used [0x36c00000, 0x37035ff0, 0x37036000, 0x37600000)
    rw space 12288K,  51% used [0x37600000, 0x37c3bd30, 0x37c3be00, 0x38200000)
}
Event: 124.468 GC heap before
{Heap before GC invocations=33 (full 0):
 def new generation   total 4928K, used 4417K [0x22c00000, 0x23150000, 0x28150000)
  eden space 4416K, 100% used [0x22c00000, 0x23050000, 0x23050000)
  from space 512K,   0% used [0x230d0000, 0x230d0430, 0x23150000)
  to   space 512K,   0% used [0x23050000, 0x23050000, 0x230d0000)
 tenured generation   total 10944K, used 1923K [0x28150000, 0x28c00000, 0x32c00000)
   the space 10944K,  17% used [0x28150000, 0x28330ec8, 0x28331000, 0x28c00000)
 compacting perm gen  total 12288K, used 602K [0x32c00000, 0x33800000, 0x36c00000)
   the space 12288K,   4% used [0x32c00000, 0x32c96bb8, 0x32c96c00, 0x33800000)
    ro space 10240K,  42% used [0x36c00000, 0x37035ff0, 0x37036000, 0x37600000)
    rw space 12288K,  51% used [0x37600000, 0x37c3bd30, 0x37c3be00, 0x38200000)
Event: 124.468 GC heap after
Heap after GC invocations=34 (full 0):
 def new generation   total 4928K, used 1K [0x22c00000, 0x23150000, 0x28150000)
  eden space 4416K,   0% used [0x22c00000, 0x22c00000, 0x23050000)
  from space 512K,   0% used [0x23050000, 0x23050650, 0x230d0000)
  to   space 512K,   0% used [0x230d0000, 0x230d0000, 0x23150000)
 tenured generation   total 10944K, used 1923K [0x28150000, 0x28c00000, 0x32c00000)
   the space 10944K,  17% used [0x28150000, 0x28330ec8, 0x28331000, 0x28c00000)
 compacting perm gen  total 12288K, used 602K [0x32c00000, 0x33800000, 0x36c00000)
   the space 12288K,   4% used [0x32c00000, 0x32c96bb8, 0x32c96c00, 0x33800000)
    ro space 10240K,  42% used [0x36c00000, 0x37035ff0, 0x37036000, 0x37600000)
    rw space 12288K,  51% used [0x37600000, 0x37c3bd30, 0x37c3be00, 0x38200000)
}

Deoptimization events (0 events):
No events

Internal exceptions (10 events):
Event: 6.132 Thread 0x003c9800 Threw 0x22d1c508 at C:\re\jdk7u76\1941\hotspot\src\share\vm\prims\jvm.cpp:1304
Event: 12.711 Thread 0x003c9800 Threw 0x22d1f8b8 at C:\re\jdk7u76\1941\hotspot\src\share\vm\prims\jvm.cpp:1304
Event: 12.712 Thread 0x003c9800 Threw 0x22d23200 at C:\re\jdk7u76\1941\hotspot\src\share\vm\prims\jvm.cpp:1304
Event: 13.104 Thread 0x003c9800 Threw 0x22d26a10 at C:\re\jdk7u76\1941\hotspot\src\share\vm\prims\jvm.cpp:1304
Event: 13.104 Thread 0x003c9800 Threw 0x22d29ab8 at C:\re\jdk7u76\1941\hotspot\src\share\vm\prims\jvm.cpp:1304
Event: 13.105 Thread 0x003c9800 Threw 0x22d2cf80 at C:\re\jdk7u76\1941\hotspot\src\share\vm\prims\jvm.cpp:1304
Event: 13.105 Thread 0x003c9800 Threw 0x22d30800 at C:\re\jdk7u76\1941\hotspot\src\share\vm\prims\jvm.cpp:1304
Event: 13.182 Thread 0x003c9800 Threw 0x22ebf930 at C:\re\jdk7u76\1941\hotspot\src\share\vm\prims\jvm.cpp:1304
Event: 13.184 Thread 0x003c9800 Threw 0x22ec5b58 at C:\re\jdk7u76\1941\hotspot\src\share\vm\prims\jvm.cpp:1304
Event: 124.474 Thread 0x003c9800 Threw 0x22c01920 at C:\re\jdk7u76\1941\hotspot\src\share\vm\prims\jvm.cpp:1304

Events (10 events):
Event: 119.365 Executing VM operation: GenCollectForAllocation
Event: 119.366 Executing VM operation: GenCollectForAllocation done
Event: 121.076 Executing VM operation: GenCollectForAllocation
Event: 121.076 Executing VM operation: GenCollectForAllocation done
Event: 122.833 Executing VM operation: GenCollectForAllocation
Event: 122.833 Executing VM operation: GenCollectForAllocation done
Event: 124.467 Executing VM operation: GenCollectForAllocation
Event: 124.468 Executing VM operation: GenCollectForAllocation done
Event: 124.474 loading class 0x02a68f20
Event: 124.474 loading class 0x02a68f20 done


Dynamic libraries:
0x00400000 - 0x0042f000 	C:\Program Files\Java\jre7\bin\javaw.exe
0x7c900000 - 0x7c9af000 	C:\WINDOWS\system32\ntdll.dll
0x7c800000 - 0x7c8f6000 	C:\WINDOWS\system32\kernel32.dll
0x77dd0000 - 0x77e6b000 	C:\WINDOWS\system32\ADVAPI32.dll
0x77e70000 - 0x77f02000 	C:\WINDOWS\system32\RPCRT4.dll
0x77fe0000 - 0x77ff1000 	C:\WINDOWS\system32\Secur32.dll
0x7e410000 - 0x7e4a1000 	C:\WINDOWS\system32\USER32.dll
0x77f10000 - 0x77f59000 	C:\WINDOWS\system32\GDI32.dll
0x773d0000 - 0x774d3000 	C:\WINDOWS\WinSxS\x86_Microsoft.Windows.Common-Controls_6595b64144ccf1df_6.0.2600.5512_x-ww_35d4ce83\COMCTL32.dll
0x77c10000 - 0x77c68000 	C:\WINDOWS\system32\msvcrt.dll
0x77f60000 - 0x77fd6000 	C:\WINDOWS\system32\SHLWAPI.dll
0x78aa0000 - 0x78b5f000 	C:\Program Files\Java\jre7\bin\msvcr100.dll
0x6e7a0000 - 0x6eb29000 	C:\Program Files\Java\jre7\bin\client\jvm.dll
0x71ad0000 - 0x71ad9000 	C:\WINDOWS\system32\WSOCK32.dll
0x71ab0000 - 0x71ac7000 	C:\WINDOWS\system32\WS2_32.dll
0x71aa0000 - 0x71aa8000 	C:\WINDOWS\system32\WS2HELP.dll
0x76b40000 - 0x76b6d000 	C:\WINDOWS\system32\WINMM.dll
0x76bf0000 - 0x76bfb000 	C:\WINDOWS\system32\PSAPI.DLL
0x6e6f0000 - 0x6e6fc000 	C:\Program Files\Java\jre7\bin\verify.dll
0x6d480000 - 0x6d4a0000 	C:\Program Files\Java\jre7\bin\java.dll
0x6e780000 - 0x6e793000 	C:\Program Files\Java\jre7\bin\zip.dll
0x10000000 - 0x10286000 	C:\Documents and Settings\KI\workspace\ExampleBot\bwapi_bridge2_5.dll
0x6acc0000 - 0x6ad27000 	C:\Documents and Settings\KI\workspace\ExampleBot\libgmp-10.dll
0x6f540000 - 0x6f59e000 	C:\Documents and Settings\KI\workspace\ExampleBot\libmpfr-4.dll
0x02ea0000 - 0x02f11000 	C:\WINDOWS\system32\MSVCP120.dll
0x02f20000 - 0x0300e000 	C:\WINDOWS\system32\MSVCR120.dll
0x59a60000 - 0x59b01000 	C:\WINDOWS\system32\dbghelp.dll
0x77c00000 - 0x77c08000 	C:\WINDOWS\system32\VERSION.dll

VM Arguments:
jvm_args: -Dfile.encoding=Cp1252 
java_command: Core
Launcher Type: SUN_STANDARD

Environment Variables:
PATH=C:/Program Files/Java/jre7/bin/client;C:/Program Files/Java/jre7/bin;C:/Program Files/Java/jre7/lib/i386;C:\WINDOWS\system32;C:\WINDOWS;C:\WINDOWS\System32\Wbem;C:\Program Files\eclipse;
USERNAME=KI
OS=Windows_NT
PROCESSOR_IDENTIFIER=x86 Family 6 Model 42 Stepping 7, GenuineIntel



---------------  S Y S T E M  ---------------

OS: Windows XP Build 2600 Service Pack 3

CPU:total 1 (1 cores per cpu, 1 threads per core) family 6 model 42 stepping 7, cmov, cx8, fxsr, mmx, sse, sse2, sse3, ssse3, sse4.1, sse4.2, popcnt, aes, tsc, tscinvbit

Memory: 4k page, physical 3669488k(3016136k free), swap 5602276k(5082700k free)

vm_info: Java HotSpot(TM) Client VM (24.76-b04) for windows-x86 JRE (1.7.0_76-b13), built on Dec 18 2014 17:07:28 by "java_re" with unknown MS VC++:1600

time: Tue May 08 18:39:46 2018
elapsed time: 124 seconds

