#
# A fatal error has been detected by the Java Runtime Environment:
#
#  EXCEPTION_ACCESS_VIOLATION (0xc0000005) at pc=0x6e8654bb, pid=636, tid=224
#
# JRE version: Java(TM) SE Runtime Environment (7.0_76-b13) (build 1.7.0_76-b13)
# Java VM: Java HotSpot(TM) Client VM (24.76-b04 mixed mode, sharing windows-x86 )
# Problematic frame:
# V  [jvm.dll+0xc54bb]
#
# Failed to write core dump. Minidumps are not enabled by default on client versions of Windows
#
# If you would like to submit a bug report, please visit:
#   http://bugreport.java.com/bugreport/crash.jsp
#

---------------  T H R E A D  ---------------

Current thread (0x003c9800):  JavaThread "main" [_thread_in_vm, id=224, stack(0x008c0000,0x00910000)]

siginfo: ExceptionCode=0xc0000005, reading address 0x00000000

Registers:
EAX=0x00000000, EBX=0x00000043, ECX=0x00000000, EDX=0x00000003
ESP=0x0090e0a4, EBP=0x0090e0c0, ESI=0x003c9930, EDI=0x003c9800
EIP=0x6e8654bb, EFLAGS=0x00010246

Top of Stack: (sp=0x0090e0a4)
0x0090e0a4:   10209aa4 00000000 00000043 003c9800
0x0090e0b4:   00000000 0090e184 00000043 0090e118
0x0090e0c4:   10022cf2 003c9930 00000000 6e696f70
0x0090e0d4:   00726574 0090e118 10022cc1 00000007
0x0090e0e4:   0000000f ffff004a 0090e118 10022c9d
0x0090e0f4:   003c9930 00000001 0000000f 003c9800
0x0090e104:   32c379c8 32c379c8 0090e16c 0000006a
0x0090e114:   003c9800 0090e16c 0093aa9d 003c9930 

Instructions: (pc=0x6e8654bb)
0x6e86549b:   f3 ff 83 c4 08 83 7f 04 00 89 7d f0 c7 45 f4 00
0x6e8654ab:   00 00 00 74 08 8d 4d f0 e8 48 a6 0c 00 8b 45 0c
0x6e8654bb:   8b 08 8b 51 04 8b 42 40 50 56 e8 26 df 07 00 83
0x6e8654cb:   c4 08 83 7d f4 00 89 45 08 74 08 8d 4d f0 e8 62 


Register to memory mapping:

EAX=0x00000000 is an unknown value
EBX=0x00000043 is an unknown value
ECX=0x00000000 is an unknown value
EDX=0x00000003 is an unknown value
ESP=0x0090e0a4 is pointing into the stack for thread: 0x003c9800
EBP=0x0090e0c0 is pointing into the stack for thread: 0x003c9800
ESI=0x003c9930 is an unknown value
EDI=0x003c9800 is a thread


Stack: [0x008c0000,0x00910000],  sp=0x0090e0a4,  free space=312k
Native frames: (J=compiled Java code, j=interpreted, Vv=VM code, C=native code)
V  [jvm.dll+0xc54bb]
C  [bwapi_bridge2_5.dll+0x22cf2]
j  bwapi.Game.canBuildHere_native(JLbwapi/TilePosition;Lbwapi/UnitType;Lbwapi/Unit;Z)Z+0
j  bwapi.Game.canBuildHere(Lbwapi/TilePosition;Lbwapi/UnitType;Lbwapi/Unit;Z)Z+10
j  Buildings.getBuildTile(Lbwapi/Unit;Lbwapi/UnitType;Lbwapi/TilePosition;)Lbwapi/TilePosition;+163
j  Core.Gebauedebau(Lbwapi/UnitType;)V+51
j  Core.testBuildingRoutine()V+88
j  Core.onFrame()V+7
j  bwapi.AIModule.onFrame()V+11
v  ~StubRoutines::call_stub
V  [jvm.dll+0x14234a]
V  [jvm.dll+0x206e0e]
V  [jvm.dll+0x1423cd]
V  [jvm.dll+0xcb5c2]
V  [jvm.dll+0xcf213]
C  [bwapi_bridge2_5.dll+0x1b20d]
C  [bwapi_bridge2_5.dll+0x75101]
j  bwapi.Mirror.startGame()V+0
j  Core.run()V+15
j  Core.main([Ljava/lang/String;)V+7
v  ~StubRoutines::call_stub
V  [jvm.dll+0x14234a]
V  [jvm.dll+0x206e0e]
V  [jvm.dll+0x1423cd]
V  [jvm.dll+0xcb345]
V  [jvm.dll+0xd5ff7]
C  [javaw.exe+0x2070]
C  [javaw.exe+0xa601]
C  [javaw.exe+0xa68b]
C  [kernel32.dll+0xb713]

Java frames: (J=compiled Java code, j=interpreted, Vv=VM code)
j  bwapi.Game.canBuildHere_native(JLbwapi/TilePosition;Lbwapi/UnitType;Lbwapi/Unit;Z)Z+0
j  bwapi.Game.canBuildHere(Lbwapi/TilePosition;Lbwapi/UnitType;Lbwapi/Unit;Z)Z+10
j  Buildings.getBuildTile(Lbwapi/Unit;Lbwapi/UnitType;Lbwapi/TilePosition;)Lbwapi/TilePosition;+163
j  Core.Gebauedebau(Lbwapi/UnitType;)V+51
j  Core.testBuildingRoutine()V+88
j  Core.onFrame()V+7
j  bwapi.AIModule.onFrame()V+11
v  ~StubRoutines::call_stub
j  bwapi.Mirror.startGame()V+0
j  Core.run()V+15
j  Core.main([Ljava/lang/String;)V+7
v  ~StubRoutines::call_stub

---------------  P R O C E S S  ---------------

Java Threads: ( => current thread )
  0x02a49000 JavaThread "Service Thread" daemon [_thread_blocked, id=236, stack(0x02df0000,0x02e40000)]
  0x02a3ac00 JavaThread "C1 CompilerThread0" daemon [_thread_blocked, id=248, stack(0x02da0000,0x02df0000)]
  0x02a39400 JavaThread "Attach Listener" daemon [_thread_blocked, id=1736, stack(0x02d50000,0x02da0000)]
  0x02a38000 JavaThread "Signal Dispatcher" daemon [_thread_blocked, id=240, stack(0x02d00000,0x02d50000)]
  0x029d0400 JavaThread "Finalizer" daemon [_thread_blocked, id=1852, stack(0x02cb0000,0x02d00000)]
  0x029cb400 JavaThread "Reference Handler" daemon [_thread_blocked, id=392, stack(0x02c60000,0x02cb0000)]
=>0x003c9800 JavaThread "main" [_thread_in_vm, id=224, stack(0x008c0000,0x00910000)]

Other Threads:
  0x029c9800 VMThread [stack: 0x02c10000,0x02c60000] [id=1856]
  0x02a64800 WatcherThread [stack: 0x02e40000,0x02e90000] [id=1992]

VM state:not at safepoint (normal execution)

VM Mutex/Monitor currently owned by a thread: None

Heap
 def new generation   total 4928K, used 3068K [0x22c00000, 0x23150000, 0x28150000)
  eden space 4416K,  69% used [0x22c00000, 0x22eff0d0, 0x23050000)
  from space 512K,   0% used [0x23050000, 0x23050000, 0x230d0000)
  to   space 512K,   0% used [0x230d0000, 0x230d0000, 0x23150000)
 tenured generation   total 10944K, used 0K [0x28150000, 0x28c00000, 0x32c00000)
   the space 10944K,   0% used [0x28150000, 0x28150000, 0x28150200, 0x28c00000)
 compacting perm gen  total 12288K, used 586K [0x32c00000, 0x33800000, 0x36c00000)
   the space 12288K,   4% used [0x32c00000, 0x32c92a08, 0x32c92c00, 0x33800000)
    ro space 10240K,  42% used [0x36c00000, 0x37035ff0, 0x37036000, 0x37600000)
    rw space 12288K,  51% used [0x37600000, 0x37c3bd30, 0x37c3be00, 0x38200000)

Card table byte_map: [0x02ab0000,0x02b60000] byte_map_base: 0x0299a000

Polling page: 0x003f0000

Code Cache  [0x00930000, 0x009d8000, 0x02930000)
 total_blobs=204 nmethods=67 adapters=74 free_code_cache=32127Kb largest_free_block=32898880

Compilation events (10 events):
Event: 27.149 Thread 0x02a3ac00   61             java.util.ArrayList$Itr::<init> (26 bytes)
Event: 27.149 Thread 0x02a3ac00 nmethod 61 0x009cf008 code [0x009cf100, 0x009cf1a0]
Event: 28.870 Thread 0x02a3ac00   62             java.util.ArrayList::<init> (12 bytes)
Event: 28.870 Thread 0x02a3ac00 nmethod 62 0x009cf208 code [0x009cf300, 0x009cf390]
Event: 28.870 Thread 0x02a3ac00   63             java.util.ArrayList::grow (45 bytes)
Event: 28.871 Thread 0x02a3ac00 nmethod 63 0x009cf3c8 code [0x009cf4e0, 0x009cf644]
Event: 28.912 Thread 0x02a3ac00   64             java.util.ArrayList::iterator (10 bytes)
Event: 28.912 Thread 0x02a3ac00 nmethod 64 0x009cf788 code [0x009cf880, 0x009cf960]
Event: 29.581 Thread 0x02a3ac00   65             bwapi.Player::allUnitCount (10 bytes)
Event: 29.581 Thread 0x02a3ac00 nmethod 65 0x009cf9c8 code [0x009cfac0, 0x009cfb5c]

GC Heap History (0 events):
No events

Deoptimization events (0 events):
No events

Internal exceptions (10 events):
Event: 0.068 Thread 0x003c9800 Threw 0x22cfab10 at C:\re\jdk7u76\1941\hotspot\src\share\vm\prims\jvm.cpp:1304
Event: 0.069 Thread 0x003c9800 Threw 0x22d00698 at C:\re\jdk7u76\1941\hotspot\src\share\vm\prims\jvm.cpp:1304
Event: 0.072 Thread 0x003c9800 Threw 0x22d09010 at C:\re\jdk7u76\1941\hotspot\src\share\vm\prims\jvm.cpp:1304
Event: 0.074 Thread 0x003c9800 Threw 0x22d0ff88 at C:\re\jdk7u76\1941\hotspot\src\share\vm\prims\jvm.cpp:1304
Event: 0.126 Thread 0x003c9800 Threw 0x22d1bfb0 at C:\re\jdk7u76\1941\hotspot\src\share\vm\prims\jvm.cpp:1304
Event: 8.151 Thread 0x003c9800 Threw 0x22d1f360 at C:\re\jdk7u76\1941\hotspot\src\share\vm\prims\jvm.cpp:1304
Event: 8.152 Thread 0x003c9800 Threw 0x22d23248 at C:\re\jdk7u76\1941\hotspot\src\share\vm\prims\jvm.cpp:1304
Event: 8.666 Thread 0x003c9800 Threw 0x22d28f20 at C:\re\jdk7u76\1941\hotspot\src\share\vm\prims\jvm.cpp:1304
Event: 8.667 Thread 0x003c9800 Threw 0x22d2b3d0 at C:\re\jdk7u76\1941\hotspot\src\share\vm\prims\jvm.cpp:1304
Event: 65.283 Thread 0x003c9800 Threw 0x22eea430 at C:\re\jdk7u76\1941\hotspot\src\share\vm\prims\jvm.cpp:1304

Events (10 events):
Event: 8.152 loading class 0x02a68640
Event: 8.152 loading class 0x02a68640 done
Event: 8.666 loading class 0x02a68700
Event: 8.666 loading class 0x02a68700 done
Event: 8.666 loading class 0x3823a2d0
Event: 8.666 loading class 0x3823a2d0 done
Event: 8.667 loading class 0x02a5c1c0
Event: 8.667 loading class 0x02a5c1c0 done
Event: 65.283 loading class 0x02a68a30
Event: 65.283 loading class 0x02a68a30 done


Dynamic libraries:
0x00400000 - 0x0042f000 	C:\Program Files\Java\jre7\bin\javaw.exe
0x7c900000 - 0x7c9af000 	C:\WINDOWS\system32\ntdll.dll
0x7c800000 - 0x7c8f6000 	C:\WINDOWS\system32\kernel32.dll
0x77dd0000 - 0x77e6b000 	C:\WINDOWS\system32\ADVAPI32.dll
0x77e70000 - 0x77f02000 	C:\WINDOWS\system32\RPCRT4.dll
0x77fe0000 - 0x77ff1000 	C:\WINDOWS\system32\Secur32.dll
0x7e410000 - 0x7e4a1000 	C:\WINDOWS\system32\USER32.dll
0x77f10000 - 0x77f59000 	C:\WINDOWS\system32\GDI32.dll
0x773d0000 - 0x774d3000 	C:\WINDOWS\WinSxS\x86_Microsoft.Windows.Common-Controls_6595b64144ccf1df_6.0.2600.5512_x-ww_35d4ce83\COMCTL32.dll
0x77c10000 - 0x77c68000 	C:\WINDOWS\system32\msvcrt.dll
0x77f60000 - 0x77fd6000 	C:\WINDOWS\system32\SHLWAPI.dll
0x78aa0000 - 0x78b5f000 	C:\Program Files\Java\jre7\bin\msvcr100.dll
0x6e7a0000 - 0x6eb29000 	C:\Program Files\Java\jre7\bin\client\jvm.dll
0x71ad0000 - 0x71ad9000 	C:\WINDOWS\system32\WSOCK32.dll
0x71ab0000 - 0x71ac7000 	C:\WINDOWS\system32\WS2_32.dll
0x71aa0000 - 0x71aa8000 	C:\WINDOWS\system32\WS2HELP.dll
0x76b40000 - 0x76b6d000 	C:\WINDOWS\system32\WINMM.dll
0x76bf0000 - 0x76bfb000 	C:\WINDOWS\system32\PSAPI.DLL
0x6e6f0000 - 0x6e6fc000 	C:\Program Files\Java\jre7\bin\verify.dll
0x6d480000 - 0x6d4a0000 	C:\Program Files\Java\jre7\bin\java.dll
0x6e780000 - 0x6e793000 	C:\Program Files\Java\jre7\bin\zip.dll
0x10000000 - 0x10286000 	C:\Documents and Settings\KI\workspace\ExampleBot\bwapi_bridge2_5.dll
0x6acc0000 - 0x6ad27000 	C:\Documents and Settings\KI\workspace\ExampleBot\libgmp-10.dll
0x6f540000 - 0x6f59e000 	C:\Documents and Settings\KI\workspace\ExampleBot\libmpfr-4.dll
0x02ea0000 - 0x02f11000 	C:\WINDOWS\system32\MSVCP120.dll
0x02f20000 - 0x0300e000 	C:\WINDOWS\system32\MSVCR120.dll
0x59a60000 - 0x59b01000 	C:\WINDOWS\system32\dbghelp.dll
0x77c00000 - 0x77c08000 	C:\WINDOWS\system32\VERSION.dll

VM Arguments:
jvm_args: -Dfile.encoding=Cp1252 
java_command: Core
Launcher Type: SUN_STANDARD

Environment Variables:
PATH=C:/Program Files/Java/jre7/bin/client;C:/Program Files/Java/jre7/bin;C:/Program Files/Java/jre7/lib/i386;C:\WINDOWS\system32;C:\WINDOWS;C:\WINDOWS\System32\Wbem;C:\Program Files\eclipse;
USERNAME=KI
OS=Windows_NT
PROCESSOR_IDENTIFIER=x86 Family 6 Model 42 Stepping 7, GenuineIntel



---------------  S Y S T E M  ---------------

OS: Windows XP Build 2600 Service Pack 3

CPU:total 1 (1 cores per cpu, 1 threads per core) family 6 model 42 stepping 7, cmov, cx8, fxsr, mmx, sse, sse2, sse3, ssse3, sse4.1, sse4.2, popcnt, aes, tsc, tscinvbit

Memory: 4k page, physical 3669488k(3089152k free), swap 5602276k(5136744k free)

vm_info: Java HotSpot(TM) Client VM (24.76-b04) for windows-x86 JRE (1.7.0_76-b13), built on Dec 18 2014 17:07:28 by "java_re" with unknown MS VC++:1600

time: Tue Mar 27 12:47:55 2018
elapsed time: 65 seconds

