#
# A fatal error has been detected by the Java Runtime Environment:
#
#  EXCEPTION_ACCESS_VIOLATION (0xc0000005) at pc=0x1009b7f5, pid=1272, tid=1652
#
# JRE version: Java(TM) SE Runtime Environment (7.0_76-b13) (build 1.7.0_76-b13)
# Java VM: Java HotSpot(TM) Client VM (24.76-b04 mixed mode, sharing windows-x86 )
# Problematic frame:
# C  [bwapi_bridge2_5.dll+0x9b7f5]
#
# Failed to write core dump. Minidumps are not enabled by default on client versions of Windows
#
# If you would like to submit a bug report, please visit:
#   http://bugreport.java.com/bugreport/crash.jsp
# The crash happened outside the Java Virtual Machine in native code.
# See problematic frame for where to report the bug.
#

---------------  T H R E A D  ---------------

Current thread (0x003c9800):  JavaThread "main" [_thread_in_native, id=1652, stack(0x008c0000,0x00910000)]

siginfo: ExceptionCode=0xc0000005, writing address 0x04f9d000

Registers:
EAX=0x00010554, EBX=0x003c9800, ECX=0x03020000, EDX=0x000e36b8
ESP=0x0090e0bc, EBP=0x0090e140, ESI=0x054a42d8, EDI=0x003c9930
EIP=0x1009b7f5, EFLAGS=0x00010206

Top of Stack: (sp=0x0090e0bc)
0x0090e0bc:   3ced6cc4 003c9930 054a42d8 003c9930
0x0090e0cc:   00000000 0000000f 054a42d8 003c9800
0x0090e0dc:   04ffcb70 00000000 0000007a ffffffff
0x0090e0ec:   00000ec0 00000190 00000000 00000000
0x0090e0fc:   0000000f 28150000 003c9930 101d013c
0x0090e10c:   054a42d8 00000000 00000000 00000ec0
0x0090e11c:   00000190 00000000 ffffffff ffffffff
0x0090e12c:   000e9df8 003c9800 0090e3c8 101ac4c0 

Instructions: (pc=0x1009b7f5)
0x1009b7d5:   0f 6f 44 24 24 8b 4a 14 8b 81 48 a5 ef 01 8d 04
0x1009b7e5:   40 f3 0f 7f 84 c1 4c a5 ef 01 f3 0f 7e 44 24 34
0x1009b7f5:   66 0f d6 84 c1 5c a5 ef 01 8b ca 8b 42 14 ff 80
0x1009b805:   48 a5 ef 01 8b 02 8b 40 50 ff d0 f3 0f 6f 45 08 


Register to memory mapping:

EAX=0x00010554 is an unknown value
EBX=0x003c9800 is a thread
ECX=0x03020000 is an unknown value
EDX=0x000e36b8 is an unknown value
ESP=0x0090e0bc is pointing into the stack for thread: 0x003c9800
EBP=0x0090e140 is pointing into the stack for thread: 0x003c9800
ESI=0x054a42d8 is an unknown value
EDI=0x003c9930 is an unknown value


Stack: [0x008c0000,0x00910000],  sp=0x0090e0bc,  free space=312k
Native frames: (J=compiled Java code, j=interpreted, Vv=VM code, C=native code)
C  [bwapi_bridge2_5.dll+0x9b7f5]
C  [bwapi_bridge2_5.dll+0x38979]
J 145  bwapi.Unit.attack_native(JLbwapi/Position;)Z (0 bytes) @ 0x009e0cf8 [0x009e0c50+0xa8]
J 142 C1 AttackUnits.angreifen()V (56 bytes) @ 0x009e0491 [0x009e03e0+0xb1]
J 123 C1 Core.testbuild2()Z (267 bytes) @ 0x009dbf6b [0x009dbad0+0x49b]
J 119 C1 Core.onFrame()V (38 bytes) @ 0x009dab09 [0x009daac0+0x49]
J 118 C1 bwapi.AIModule.onFrame()V (17 bytes) @ 0x009da881 [0x009da850+0x31]
v  ~StubRoutines::call_stub
V  [jvm.dll+0x14234a]
V  [jvm.dll+0x206e0e]
V  [jvm.dll+0x1423cd]
V  [jvm.dll+0xcb5c2]
V  [jvm.dll+0xcf213]
C  [bwapi_bridge2_5.dll+0x1b20d]
C  [bwapi_bridge2_5.dll+0x75101]
j  bwapi.Mirror.startGame()V+0
j  Core.run()V+15
j  Core.main([Ljava/lang/String;)V+7
v  ~StubRoutines::call_stub
V  [jvm.dll+0x14234a]
V  [jvm.dll+0x206e0e]
V  [jvm.dll+0x1423cd]
V  [jvm.dll+0xcb345]
V  [jvm.dll+0xd5ff7]
C  [javaw.exe+0x2070]
C  [javaw.exe+0xa601]
C  [javaw.exe+0xa68b]
C  [kernel32.dll+0xb713]

Java frames: (J=compiled Java code, j=interpreted, Vv=VM code)
J 145  bwapi.Unit.attack_native(JLbwapi/Position;)Z (0 bytes) @ 0x009e0cb4 [0x009e0c50+0x64]
J 142 C1 AttackUnits.angreifen()V (56 bytes) @ 0x009e0491 [0x009e03e0+0xb1]
J 123 C1 Core.testbuild2()Z (267 bytes) @ 0x009dbf6b [0x009dbad0+0x49b]
J 119 C1 Core.onFrame()V (38 bytes) @ 0x009dab09 [0x009daac0+0x49]
J 118 C1 bwapi.AIModule.onFrame()V (17 bytes) @ 0x009da881 [0x009da850+0x31]
v  ~StubRoutines::call_stub
j  bwapi.Mirror.startGame()V+0
j  Core.run()V+15
j  Core.main([Ljava/lang/String;)V+7
v  ~StubRoutines::call_stub

---------------  P R O C E S S  ---------------

Java Threads: ( => current thread )
  0x02a49000 JavaThread "Service Thread" daemon [_thread_blocked, id=1452, stack(0x02df0000,0x02e40000)]
  0x02a3ac00 JavaThread "C1 CompilerThread0" daemon [_thread_blocked, id=1548, stack(0x02da0000,0x02df0000)]
  0x02a39400 JavaThread "Attach Listener" daemon [_thread_blocked, id=572, stack(0x02d50000,0x02da0000)]
  0x02a38000 JavaThread "Signal Dispatcher" daemon [_thread_blocked, id=1800, stack(0x02d00000,0x02d50000)]
  0x029d0400 JavaThread "Finalizer" daemon [_thread_blocked, id=268, stack(0x02cb0000,0x02d00000)]
  0x029cb400 JavaThread "Reference Handler" daemon [_thread_blocked, id=1792, stack(0x02c60000,0x02cb0000)]
=>0x003c9800 JavaThread "main" [_thread_in_native, id=1652, stack(0x008c0000,0x00910000)]

Other Threads:
  0x029c9800 VMThread [stack: 0x02c10000,0x02c60000] [id=1780]
  0x02a64800 WatcherThread [stack: 0x02e40000,0x02e90000] [id=1352]

VM state:not at safepoint (normal execution)

VM Mutex/Monitor currently owned by a thread: None

Heap
 def new generation   total 4928K, used 1874K [0x22c00000, 0x23150000, 0x28150000)
  eden space 4416K,  39% used [0x22c00000, 0x22db5730, 0x23050000)
  from space 512K,  24% used [0x23050000, 0x2306f130, 0x230d0000)
  to   space 512K,   0% used [0x230d0000, 0x230d0000, 0x23150000)
 tenured generation   total 10944K, used 2464K [0x28150000, 0x28c00000, 0x32c00000)
   the space 10944K,  22% used [0x28150000, 0x283b8300, 0x283b8400, 0x28c00000)
 compacting perm gen  total 12288K, used 604K [0x32c00000, 0x33800000, 0x36c00000)
   the space 12288K,   4% used [0x32c00000, 0x32c973e8, 0x32c97400, 0x33800000)
    ro space 10240K,  42% used [0x36c00000, 0x37035ff0, 0x37036000, 0x37600000)
    rw space 12288K,  51% used [0x37600000, 0x37c3bd30, 0x37c3be00, 0x38200000)

Card table byte_map: [0x02ab0000,0x02b60000] byte_map_base: 0x0299a000

Polling page: 0x003f0000

Code Cache  [0x00930000, 0x009e8000, 0x02930000)
 total_blobs=289 nmethods=152 adapters=74 free_code_cache=32055Kb largest_free_block=32825088

Compilation events (10 events):
Event: 75.430 Thread 0x02a3ac00  139             Buildings::baueGeb (136 bytes)
Event: 75.430 Thread 0x02a3ac00 nmethod 139 0x009df548 code [0x009df700, 0x009dfa28]
Event: 75.432 Thread 0x02a3ac00  140             bwapi.UnitType::isBuilding (9 bytes)
Event: 75.432 Thread 0x02a3ac00 nmethod 140 0x009dfe08 code [0x009dff00, 0x009dff9c]
Event: 88.215 Thread 0x02a3ac00  142             AttackUnits::angreifen (56 bytes)
Event: 88.215 Thread 0x02a3ac00 nmethod 142 0x009e0288 code [0x009e03e0, 0x009e055c]
Event: 88.215 Thread 0x02a3ac00  143             bwapi.Unit::canAttack (9 bytes)
Event: 88.215 Thread 0x02a3ac00 nmethod 143 0x009e06c8 code [0x009e07c0, 0x009e085c]
Event: 94.412 Thread 0x02a3ac00  146             bwapi.Order::get (53 bytes)
Event: 94.412 Thread 0x02a3ac00 nmethod 146 0x009e0dc8 code [0x009e0f00, 0x009e10a8]

GC Heap History (10 events):
Event: 158.968 GC heap before
{Heap before GC invocations=43 (full 0):
 def new generation   total 4928K, used 4416K [0x22c00000, 0x23150000, 0x28150000)
  eden space 4416K, 100% used [0x22c00000, 0x23050000, 0x23050000)
  from space 512K,   0% used [0x230d0000, 0x230d02e0, 0x23150000)
  to   space 512K,   0% used [0x23050000, 0x23050000, 0x230d0000)
 tenured generation   total 10944K, used 2464K [0x28150000, 0x28c00000, 0x32c00000)
   the space 10944K,  22% used [0x28150000, 0x283b8300, 0x283b8400, 0x28c00000)
 compacting perm gen  total 12288K, used 604K [0x32c00000, 0x33800000, 0x36c00000)
   the space 12288K,   4% used [0x32c00000, 0x32c973e8, 0x32c97400, 0x33800000)
    ro space 10240K,  42% used [0x36c00000, 0x37035ff0, 0x37036000, 0x37600000)
    rw space 12288K,  51% used [0x37600000, 0x37c3bd30, 0x37c3be00, 0x38200000)
Event: 158.968 GC heap after
Heap after GC invocations=44 (full 0):
 def new generation   total 4928K, used 0K [0x22c00000, 0x23150000, 0x28150000)
  eden space 4416K,   0% used [0x22c00000, 0x22c00000, 0x23050000)
  from space 512K,   0% used [0x23050000, 0x23050350, 0x230d0000)
  to   space 512K,   0% used [0x230d0000, 0x230d0000, 0x23150000)
 tenured generation   total 10944K, used 2464K [0x28150000, 0x28c00000, 0x32c00000)
   the space 10944K,  22% used [0x28150000, 0x283b8300, 0x283b8400, 0x28c00000)
 compacting perm gen  total 12288K, used 604K [0x32c00000, 0x33800000, 0x36c00000)
   the space 12288K,   4% used [0x32c00000, 0x32c973e8, 0x32c97400, 0x33800000)
    ro space 10240K,  42% used [0x36c00000, 0x37035ff0, 0x37036000, 0x37600000)
    rw space 12288K,  51% used [0x37600000, 0x37c3bd30, 0x37c3be00, 0x38200000)
}
Event: 161.513 GC heap before
{Heap before GC invocations=44 (full 0):
 def new generation   total 4928K, used 4416K [0x22c00000, 0x23150000, 0x28150000)
  eden space 4416K, 100% used [0x22c00000, 0x23050000, 0x23050000)
  from space 512K,   0% used [0x23050000, 0x23050350, 0x230d0000)
  to   space 512K,   0% used [0x230d0000, 0x230d0000, 0x23150000)
 tenured generation   total 10944K, used 2464K [0x28150000, 0x28c00000, 0x32c00000)
   the space 10944K,  22% used [0x28150000, 0x283b8300, 0x283b8400, 0x28c00000)
 compacting perm gen  total 12288K, used 604K [0x32c00000, 0x33800000, 0x36c00000)
   the space 12288K,   4% used [0x32c00000, 0x32c973e8, 0x32c97400, 0x33800000)
    ro space 10240K,  42% used [0x36c00000, 0x37035ff0, 0x37036000, 0x37600000)
    rw space 12288K,  51% used [0x37600000, 0x37c3bd30, 0x37c3be00, 0x38200000)
Event: 161.514 GC heap after
Heap after GC invocations=45 (full 0):
 def new generation   total 4928K, used 0K [0x22c00000, 0x23150000, 0x28150000)
  eden space 4416K,   0% used [0x22c00000, 0x22c00000, 0x23050000)
  from space 512K,   0% used [0x230d0000, 0x230d02f8, 0x23150000)
  to   space 512K,   0% used [0x23050000, 0x23050000, 0x230d0000)
 tenured generation   total 10944K, used 2464K [0x28150000, 0x28c00000, 0x32c00000)
   the space 10944K,  22% used [0x28150000, 0x283b8300, 0x283b8400, 0x28c00000)
 compacting perm gen  total 12288K, used 604K [0x32c00000, 0x33800000, 0x36c00000)
   the space 12288K,   4% used [0x32c00000, 0x32c973e8, 0x32c97400, 0x33800000)
    ro space 10240K,  42% used [0x36c00000, 0x37035ff0, 0x37036000, 0x37600000)
    rw space 12288K,  51% used [0x37600000, 0x37c3bd30, 0x37c3be00, 0x38200000)
}
Event: 164.105 GC heap before
{Heap before GC invocations=45 (full 0):
 def new generation   total 4928K, used 4416K [0x22c00000, 0x23150000, 0x28150000)
  eden space 4416K, 100% used [0x22c00000, 0x23050000, 0x23050000)
  from space 512K,   0% used [0x230d0000, 0x230d02f8, 0x23150000)
  to   space 512K,   0% used [0x23050000, 0x23050000, 0x230d0000)
 tenured generation   total 10944K, used 2464K [0x28150000, 0x28c00000, 0x32c00000)
   the space 10944K,  22% used [0x28150000, 0x283b8300, 0x283b8400, 0x28c00000)
 compacting perm gen  total 12288K, used 604K [0x32c00000, 0x33800000, 0x36c00000)
   the space 12288K,   4% used [0x32c00000, 0x32c973e8, 0x32c97400, 0x33800000)
    ro space 10240K,  42% used [0x36c00000, 0x37035ff0, 0x37036000, 0x37600000)
    rw space 12288K,  51% used [0x37600000, 0x37c3bd30, 0x37c3be00, 0x38200000)
Event: 164.105 GC heap after
Heap after GC invocations=46 (full 0):
 def new generation   total 4928K, used 124K [0x22c00000, 0x23150000, 0x28150000)
  eden space 4416K,   0% used [0x22c00000, 0x22c00000, 0x23050000)
  from space 512K,  24% used [0x23050000, 0x2306f138, 0x230d0000)
  to   space 512K,   0% used [0x230d0000, 0x230d0000, 0x23150000)
 tenured generation   total 10944K, used 2464K [0x28150000, 0x28c00000, 0x32c00000)
   the space 10944K,  22% used [0x28150000, 0x283b8300, 0x283b8400, 0x28c00000)
 compacting perm gen  total 12288K, used 604K [0x32c00000, 0x33800000, 0x36c00000)
   the space 12288K,   4% used [0x32c00000, 0x32c973e8, 0x32c97400, 0x33800000)
    ro space 10240K,  42% used [0x36c00000, 0x37035ff0, 0x37036000, 0x37600000)
    rw space 12288K,  51% used [0x37600000, 0x37c3bd30, 0x37c3be00, 0x38200000)
}
Event: 166.871 GC heap before
{Heap before GC invocations=46 (full 0):
 def new generation   total 4928K, used 4540K [0x22c00000, 0x23150000, 0x28150000)
  eden space 4416K, 100% used [0x22c00000, 0x23050000, 0x23050000)
  from space 512K,  24% used [0x23050000, 0x2306f138, 0x230d0000)
  to   space 512K,   0% used [0x230d0000, 0x230d0000, 0x23150000)
 tenured generation   total 10944K, used 2464K [0x28150000, 0x28c00000, 0x32c00000)
   the space 10944K,  22% used [0x28150000, 0x283b8300, 0x283b8400, 0x28c00000)
 compacting perm gen  total 12288K, used 604K [0x32c00000, 0x33800000, 0x36c00000)
   the space 12288K,   4% used [0x32c00000, 0x32c973e8, 0x32c97400, 0x33800000)
    ro space 10240K,  42% used [0x36c00000, 0x37035ff0, 0x37036000, 0x37600000)
    rw space 12288K,  51% used [0x37600000, 0x37c3bd30, 0x37c3be00, 0x38200000)
Event: 166.871 GC heap after
Heap after GC invocations=47 (full 0):
 def new generation   total 4928K, used 124K [0x22c00000, 0x23150000, 0x28150000)
  eden space 4416K,   0% used [0x22c00000, 0x22c00000, 0x23050000)
  from space 512K,  24% used [0x230d0000, 0x230ef128, 0x23150000)
  to   space 512K,   0% used [0x23050000, 0x23050000, 0x230d0000)
 tenured generation   total 10944K, used 2464K [0x28150000, 0x28c00000, 0x32c00000)
   the space 10944K,  22% used [0x28150000, 0x283b8300, 0x283b8400, 0x28c00000)
 compacting perm gen  total 12288K, used 604K [0x32c00000, 0x33800000, 0x36c00000)
   the space 12288K,   4% used [0x32c00000, 0x32c973e8, 0x32c97400, 0x33800000)
    ro space 10240K,  42% used [0x36c00000, 0x37035ff0, 0x37036000, 0x37600000)
    rw space 12288K,  51% used [0x37600000, 0x37c3bd30, 0x37c3be00, 0x38200000)
}
Event: 169.781 GC heap before
{Heap before GC invocations=47 (full 0):
 def new generation   total 4928K, used 4540K [0x22c00000, 0x23150000, 0x28150000)
  eden space 4416K, 100% used [0x22c00000, 0x23050000, 0x23050000)
  from space 512K,  24% used [0x230d0000, 0x230ef128, 0x23150000)
  to   space 512K,   0% used [0x23050000, 0x23050000, 0x230d0000)
 tenured generation   total 10944K, used 2464K [0x28150000, 0x28c00000, 0x32c00000)
   the space 10944K,  22% used [0x28150000, 0x283b8300, 0x283b8400, 0x28c00000)
 compacting perm gen  total 12288K, used 604K [0x32c00000, 0x33800000, 0x36c00000)
   the space 12288K,   4% used [0x32c00000, 0x32c973e8, 0x32c97400, 0x33800000)
    ro space 10240K,  42% used [0x36c00000, 0x37035ff0, 0x37036000, 0x37600000)
    rw space 12288K,  51% used [0x37600000, 0x37c3bd30, 0x37c3be00, 0x38200000)
Event: 169.782 GC heap after
Heap after GC invocations=48 (full 0):
 def new generation   total 4928K, used 124K [0x22c00000, 0x23150000, 0x28150000)
  eden space 4416K,   0% used [0x22c00000, 0x22c00000, 0x23050000)
  from space 512K,  24% used [0x23050000, 0x2306f130, 0x230d0000)
  to   space 512K,   0% used [0x230d0000, 0x230d0000, 0x23150000)
 tenured generation   total 10944K, used 2464K [0x28150000, 0x28c00000, 0x32c00000)
   the space 10944K,  22% used [0x28150000, 0x283b8300, 0x283b8400, 0x28c00000)
 compacting perm gen  total 12288K, used 604K [0x32c00000, 0x33800000, 0x36c00000)
   the space 12288K,   4% used [0x32c00000, 0x32c973e8, 0x32c97400, 0x33800000)
    ro space 10240K,  42% used [0x36c00000, 0x37035ff0, 0x37036000, 0x37600000)
    rw space 12288K,  51% used [0x37600000, 0x37c3bd30, 0x37c3be00, 0x38200000)
}

Deoptimization events (0 events):
No events

Internal exceptions (10 events):
Event: 0.118 Thread 0x003c9800 Threw 0x22d1c620 at C:\re\jdk7u76\1941\hotspot\src\share\vm\prims\jvm.cpp:1304
Event: 15.892 Thread 0x003c9800 Threw 0x22d1f9d0 at C:\re\jdk7u76\1941\hotspot\src\share\vm\prims\jvm.cpp:1304
Event: 15.893 Thread 0x003c9800 Threw 0x22d23238 at C:\re\jdk7u76\1941\hotspot\src\share\vm\prims\jvm.cpp:1304
Event: 16.268 Thread 0x003c9800 Threw 0x22d26a48 at C:\re\jdk7u76\1941\hotspot\src\share\vm\prims\jvm.cpp:1304
Event: 16.269 Thread 0x003c9800 Threw 0x22d29a20 at C:\re\jdk7u76\1941\hotspot\src\share\vm\prims\jvm.cpp:1304
Event: 16.270 Thread 0x003c9800 Threw 0x22d2cee8 at C:\re\jdk7u76\1941\hotspot\src\share\vm\prims\jvm.cpp:1304
Event: 16.270 Thread 0x003c9800 Threw 0x22d30768 at C:\re\jdk7u76\1941\hotspot\src\share\vm\prims\jvm.cpp:1304
Event: 16.359 Thread 0x003c9800 Threw 0x22f3ce88 at C:\re\jdk7u76\1941\hotspot\src\share\vm\prims\jvm.cpp:1304
Event: 16.361 Thread 0x003c9800 Threw 0x22f42b60 at C:\re\jdk7u76\1941\hotspot\src\share\vm\prims\jvm.cpp:1304
Event: 16.363 Thread 0x003c9800 Threw 0x22f48618 at C:\re\jdk7u76\1941\hotspot\src\share\vm\prims\jvm.cpp:1304

Events (10 events):
Event: 158.968 Executing VM operation: GenCollectForAllocation
Event: 158.968 Executing VM operation: GenCollectForAllocation done
Event: 161.513 Executing VM operation: GenCollectForAllocation
Event: 161.514 Executing VM operation: GenCollectForAllocation done
Event: 164.105 Executing VM operation: GenCollectForAllocation
Event: 164.105 Executing VM operation: GenCollectForAllocation done
Event: 166.871 Executing VM operation: GenCollectForAllocation
Event: 166.872 Executing VM operation: GenCollectForAllocation done
Event: 169.781 Executing VM operation: GenCollectForAllocation
Event: 169.782 Executing VM operation: GenCollectForAllocation done


Dynamic libraries:
0x00400000 - 0x0042f000 	C:\Program Files\Java\jre7\bin\javaw.exe
0x7c900000 - 0x7c9af000 	C:\WINDOWS\system32\ntdll.dll
0x7c800000 - 0x7c8f6000 	C:\WINDOWS\system32\kernel32.dll
0x77dd0000 - 0x77e6b000 	C:\WINDOWS\system32\ADVAPI32.dll
0x77e70000 - 0x77f02000 	C:\WINDOWS\system32\RPCRT4.dll
0x77fe0000 - 0x77ff1000 	C:\WINDOWS\system32\Secur32.dll
0x7e410000 - 0x7e4a1000 	C:\WINDOWS\system32\USER32.dll
0x77f10000 - 0x77f59000 	C:\WINDOWS\system32\GDI32.dll
0x773d0000 - 0x774d3000 	C:\WINDOWS\WinSxS\x86_Microsoft.Windows.Common-Controls_6595b64144ccf1df_6.0.2600.5512_x-ww_35d4ce83\COMCTL32.dll
0x77c10000 - 0x77c68000 	C:\WINDOWS\system32\msvcrt.dll
0x77f60000 - 0x77fd6000 	C:\WINDOWS\system32\SHLWAPI.dll
0x78aa0000 - 0x78b5f000 	C:\Program Files\Java\jre7\bin\msvcr100.dll
0x6e7a0000 - 0x6eb29000 	C:\Program Files\Java\jre7\bin\client\jvm.dll
0x71ad0000 - 0x71ad9000 	C:\WINDOWS\system32\WSOCK32.dll
0x71ab0000 - 0x71ac7000 	C:\WINDOWS\system32\WS2_32.dll
0x71aa0000 - 0x71aa8000 	C:\WINDOWS\system32\WS2HELP.dll
0x76b40000 - 0x76b6d000 	C:\WINDOWS\system32\WINMM.dll
0x76bf0000 - 0x76bfb000 	C:\WINDOWS\system32\PSAPI.DLL
0x6e6f0000 - 0x6e6fc000 	C:\Program Files\Java\jre7\bin\verify.dll
0x6d480000 - 0x6d4a0000 	C:\Program Files\Java\jre7\bin\java.dll
0x6e780000 - 0x6e793000 	C:\Program Files\Java\jre7\bin\zip.dll
0x10000000 - 0x10286000 	C:\Documents and Settings\KI\workspace\ExampleBot\bwapi_bridge2_5.dll
0x6acc0000 - 0x6ad27000 	C:\Documents and Settings\KI\workspace\ExampleBot\libgmp-10.dll
0x6f540000 - 0x6f59e000 	C:\Documents and Settings\KI\workspace\ExampleBot\libmpfr-4.dll
0x02ea0000 - 0x02f11000 	C:\WINDOWS\system32\MSVCP120.dll
0x02f20000 - 0x0300e000 	C:\WINDOWS\system32\MSVCR120.dll
0x59a60000 - 0x59b01000 	C:\WINDOWS\system32\dbghelp.dll
0x77c00000 - 0x77c08000 	C:\WINDOWS\system32\VERSION.dll

VM Arguments:
jvm_args: -Dfile.encoding=Cp1252 
java_command: Core
Launcher Type: SUN_STANDARD

Environment Variables:
PATH=C:/Program Files/Java/jre7/bin/client;C:/Program Files/Java/jre7/bin;C:/Program Files/Java/jre7/lib/i386;C:\WINDOWS\system32;C:\WINDOWS;C:\WINDOWS\System32\Wbem;C:\Program Files\eclipse;
USERNAME=KI
OS=Windows_NT
PROCESSOR_IDENTIFIER=x86 Family 6 Model 42 Stepping 7, GenuineIntel



---------------  S Y S T E M  ---------------

OS: Windows XP Build 2600 Service Pack 3

CPU:total 1 (1 cores per cpu, 1 threads per core) family 6 model 42 stepping 7, cmov, cx8, fxsr, mmx, sse, sse2, sse3, ssse3, sse4.1, sse4.2, popcnt, aes, tsc, tscinvbit

Memory: 4k page, physical 3669488k(3005680k free), swap 5602276k(5073824k free)

vm_info: Java HotSpot(TM) Client VM (24.76-b04) for windows-x86 JRE (1.7.0_76-b13), built on Dec 18 2014 17:07:28 by "java_re" with unknown MS VC++:1600

time: Tue May 08 15:15:30 2018
elapsed time: 170 seconds

